#
# A fatal error has been detected by the Java Runtime Environment:
#
#  EXCEPTION_ACCESS_VIOLATION (0xc0000005) at pc=0x00007ffeafd9b38d, pid=14760, tid=6660
#
# JRE version: Java(TM) SE Runtime Environment (14.0.2+12) (build 14.0.2+12-46)
# Java VM: Java HotSpot(TM) 64-Bit Server VM (14.0.2+12-46, mixed mode, sharing, tiered, compressed oops, g1 gc, windows-amd64)
# Problematic frame:
# C  [ntdll.dll+0x1b38d]
#
# No core dump will be written. Minidumps are not enabled by default on client versions of Windows
#
# If you would like to submit a bug report, please visit:
#   https://bugreport.java.com/bugreport/crash.jsp
# The crash happened outside the Java Virtual Machine in native code.
# See problematic frame for where to report the bug.
#

---------------  S U M M A R Y ------------

Command Line: -javaagent:C:\Program Files\JetBrains\IntelliJ IDEA Educational Edition 2020.2\lib\idea_rt.jar=62694:C:\Program Files\JetBrains\IntelliJ IDEA Educational Edition 2020.2\bin -Dfile.encoding=UTF-8 Lab9.Main

Host: Intel(R) Core(TM) i5-8265U CPU @ 1.60GHz, 8 cores, 15G,  Windows 10 , 64 bit Build 18362 (10.0.18362.1316)
Time: Sun Jan 17 16:41:58 2021 ?rodkowoeuropejski czas stand. elapsed time: 15 seconds (0d 0h 0m 15s)

---------------  T H R E A D  ---------------

Current thread (0x000002d17f52e800):  JavaThread "Thread-4" [_thread_in_native, id=6660, stack(0x000000fa5a100000,0x000000fa5a200000)]

Stack: [0x000000fa5a100000,0x000000fa5a200000],  sp=0x000000fa5a1fef90,  free space=1019k
Native frames: (J=compiled Java code, j=interpreted, Vv=VM code, C=native code)
C  [ntdll.dll+0x1b38d]
C  [sqlite-3.34.0-668b4e07-5e16-405e-9e2a-a9ad36ba2da7-sqlitejdbc.dll+0x23f06]

Java frames: (J=compiled Java code, j=interpreted, Vv=VM code)
j  org.sqlite.core.NativeDB.column_name_utf8(JI)Ljava/nio/ByteBuffer;+0
j  org.sqlite.core.NativeDB.column_name(JI)Ljava/lang/String;+3
j  org.sqlite.core.DB.column_names(J)[Ljava/lang/String;+26
j  org.sqlite.jdbc3.JDBC3Statement.getResultSet()Ljava/sql/ResultSet;+64
j  Lab9.OdczytZbazy.odczyt()V+33
j  Lab9.OdczytZbazy.run()V+1
j  java.lang.Thread.run()V+11 java.base@14.0.2
v  ~StubRoutines::call_stub

siginfo: EXCEPTION_ACCESS_VIOLATION (0xc0000005), writing address 0x000000000000fd68


Register to memory mapping:

RIP=0x00007ffeafd9b38d ntdll.dll
RAX=0x000000fa58cfd000 points into unknown readable memory: 00 00 00 00 00 00 00 00
RBX=0x0 is NULL
RCX=0x000000000000fd60 is an unknown value
RDX=0x0 is NULL
RSP=0x000000fa5a1fef90 is pointing into the stack for thread: 0x000002d17f52e800
RBP=0x000000fa5a1ff0f0 is pointing into the stack for thread: 0x000002d17f52e800
RSI=0x000002d17fca7a18 points into unknown readable memory: 68 75 ca 7f d1 02 00 00
RDI=0x000002d17fca7ec8 points into unknown readable memory: 18 7a ca 7f d1 02 00 00
R8 =0x0 is NULL
R9 =0x0 is NULL
R10=0x000002d163570085 is at code_begin+1477 in an Interpreter codelet
method entry point (kind = native_synchronized)  [0x000002d16356fac0, 0x000002d163570740]  3200 bytes
R11=0x0000000000000120 is an unknown value
R12=0x0 is NULL
R13={method} {0x000002d17efa5f68} 'column_name_utf8' '(JI)Ljava/nio/ByteBuffer;' in 'org/sqlite/core/NativeDB'
R14=0x000000fa5a1ff128 is pointing into the stack for thread: 0x000002d17f52e800
R15=0x000002d17f52e800 is a thread


Registers:
RAX=0x000000fa58cfd000, RBX=0x0000000000000000, RCX=0x000000000000fd60, RDX=0x0000000000000000
RSP=0x000000fa5a1fef90, RBP=0x000000fa5a1ff0f0, RSI=0x000002d17fca7a18, RDI=0x000002d17fca7ec8
R8 =0x0000000000000000, R9 =0x0000000000000000, R10=0x000002d163570085, R11=0x0000000000000120
R12=0x0000000000000000, R13=0x000002d17efa5f60, R14=0x000000fa5a1ff128, R15=0x000002d17f52e800
RIP=0x00007ffeafd9b38d, EFLAGS=0x0000000000010206

Top of Stack: (sp=0x000000fa5a1fef90)
0x000000fa5a1fef90:   000002d100150000 0000000000000001
0x000000fa5a1fefa0:   000002d17f6c1c20 0000000000000001
0x000000fa5a1fefb0:   000002d100150080 0000000067763f06
0x000000fa5a1fefc0:   000023a1339bf057 00007ffe00000000
0x000000fa5a1fefd0:   000002d17f52e800 000000fa5a1ff098
0x000000fa5a1fefe0:   000002d17efa5f60 0000000000000000
0x000000fa5a1feff0:   000002d17f52eb10 0000000000000064
0x000000fa5a1ff000:   000002d163569bc0 0000000067742a40
0x000000fa5a1ff010:   000002d17f3f8128 000002d100107670
0x000000fa5a1ff020:   000002d17f3f8128 0000000000000000
0x000000fa5a1ff030:   000000fa5a1ff128 000002d17efa5f60
0x000000fa5a1ff040:   000002d163569bc0 000002d1635700b4
0x000000fa5a1ff050:   000002d100107670 00007ffe8302f21e
0x000000fa5a1ff060:   000002d163569bc0 000002d16356fddd
0x000000fa5a1ff070:   0000000000000002 000000fa5a1ff0f0
0x000000fa5a1ff080:   0000000000000064 000002d17f52e800 

Instructions: (pc=0x00007ffeafd9b38d)
0x00007ffeafd9b28d:   80 00 00 00 00 0f 85 e0 fd ff ff 65 48 8b 14 25
0x00007ffeafd9b29d:   30 00 00 00 b8 00 10 00 00 66 85 82 ee 17 00 00
0x00007ffeafd9b2ad:   0f 84 c5 fd ff ff 48 8d 0d 36 41 14 00 e8 11 f2
0x00007ffeafd9b2bd:   00 00 85 c0 0f 85 b1 fd ff ff 48 8b 8e 98 00 00
0x00007ffeafd9b2cd:   00 4c 8d 44 24 31 33 d2 88 44 24 31 e8 9a e4 04
0x00007ffeafd9b2dd:   00 8b f8 e9 93 fd ff ff bf 7a 00 00 c0 e9 cd fd
0x00007ffeafd9b2ed:   ff ff cc cc cc cc cc cc cc cc cc 48 8b c4 48 89
0x00007ffeafd9b2fd:   58 08 48 89 68 10 48 89 70 18 48 89 78 20 41 56
0x00007ffeafd9b30d:   48 83 ec 20 40 8a ea 4c 8d 35 b5 a7 14 00 48 8b
0x00007ffeafd9b31d:   f1 33 db 48 8d 0d b9 a7 14 00 e8 54 00 00 00 4c
0x00007ffeafd9b32d:   8b 05 9d a7 14 00 4d 3b c6 0f 85 66 10 09 00 48
0x00007ffeafd9b33d:   85 db 75 32 48 8d 0d 98 a7 14 00 e8 53 f5 01 00
0x00007ffeafd9b34d:   48 85 db 0f 85 81 10 09 00 33 c0 48 8b 5c 24 30
0x00007ffeafd9b35d:   48 8b 6c 24 38 48 8b 74 24 40 48 8b 7c 24 48 48
0x00007ffeafd9b36d:   83 c4 20 41 5e c3 f0 ff 43 3c eb c8 cc cc cc cc
0x00007ffeafd9b37d:   cc cc cc 48 83 ec 28 65 48 8b 04 25 30 00 00 00
0x00007ffeafd9b38d:   f0 0f ba 71 08 00 48 8b 40 48 73 12 48 89 41 10
0x00007ffeafd9b39d:   33 c0 c7 41 0c 01 00 00 00 48 83 c4 28 c3 48 39
0x00007ffeafd9b3ad:   41 10 75 0a ff 41 0c 33 c0 48 83 c4 28 c3 e8 10
0x00007ffeafd9b3bd:   00 00 00 eb e4 cc cc cc cc cc cc cc cc cc cc cc
0x00007ffeafd9b3cd:   cc cc cc 48 89 5c 24 18 55 56 57 41 54 41 55 41
0x00007ffeafd9b3dd:   56 41 57 48 83 ec 20 8b 41 20 48 8b f1 48 0f ba
0x00007ffeafd9b3ed:   e0 1a 0f 82 bc 01 00 00 33 ff 40 32 ed 66 83 3c
0x00007ffeafd9b3fd:   25 6a 03 fe 7f 01 76 19 48 8b 7e 20 48 8b c7 81
0x00007ffeafd9b40d:   e7 ff ff ff 00 25 00 00 00 02 48 85 c0 40 0f 95
0x00007ffeafd9b41d:   c5 45 32 ff b0 01 45 32 e4 41 bd 01 00 00 00 45
0x00007ffeafd9b42d:   33 c0 ba 6a 03 fe 7f 84 c0 0f 84 f2 00 00 00 8b
0x00007ffeafd9b43d:   46 08 4c 8d 4e 08 45 84 e4 41 be 03 00 00 00 45
0x00007ffeafd9b44d:   0f 44 f5 41 84 c5 0f 85 c4 00 00 00 8d 1c bf 03
0x00007ffeafd9b45d:   db 66 44 39 2a 0f 86 c6 00 00 00 4d 85 c9 74 0e
0x00007ffeafd9b46d:   80 3c 25 97 02 fe 7f 00 0f 85 8b 0f 09 00 0f b7
0x00007ffeafd9b47d:   0c 25 d6 02 fe 7f 33 d2 8b c3 f7 f1 33 c9 8b d8 


Stack slot to memory mapping:
stack at sp + 0 slots: 0x000002d100150000 points into unknown readable memory: 3c 69 6e 69 74 3e 00 00
stack at sp + 1 slots: 0x0000000000000001 is an unknown value
stack at sp + 2 slots: 0x000002d17f6c1c20 points into unknown readable memory: 00 00 00 00 00 00 00 00
stack at sp + 3 slots: 0x0000000000000001 is an unknown value
stack at sp + 4 slots: 0x000002d100150080 points into unknown readable memory: 00 00 00 00 00 00 00 00
stack at sp + 5 slots: 0x0000000067763f06 sqlite-3.34.0-668b4e07-5e16-405e-9e2a-a9ad36ba2da7-sqlitejdbc.dll
stack at sp + 6 slots: 0x000023a1339bf057 is an unknown value
stack at sp + 7 slots: 0x00007ffe00000000 is an unknown value


---------------  P R O C E S S  ---------------

Threads class SMR info:
_java_thread_list=0x000002d1007dd470, length=13, elements={
0x000002d17eb53000, 0x000002d17eb54800, 0x000002d17f3f0800, 0x000002d17f3f3800,
0x000002d17f3f6000, 0x000002d17f3f7000, 0x000002d17f3fa800, 0x000002d17f3fb800,
0x000002d17f529800, 0x000002d17f6ae800, 0x000002d17f6af000, 0x000002d17f52e800,
0x000002d15adbe000
}

Java Threads: ( => current thread )
  0x000002d17eb53000 JavaThread "Reference Handler" daemon [_thread_blocked, id=10708, stack(0x000000fa59800000,0x000000fa59900000)]
  0x000002d17eb54800 JavaThread "Finalizer" daemon [_thread_blocked, id=11716, stack(0x000000fa59900000,0x000000fa59a00000)]
  0x000002d17f3f0800 JavaThread "Signal Dispatcher" daemon [_thread_blocked, id=3620, stack(0x000000fa59a00000,0x000000fa59b00000)]
  0x000002d17f3f3800 JavaThread "Attach Listener" daemon [_thread_blocked, id=4100, stack(0x000000fa59b00000,0x000000fa59c00000)]
  0x000002d17f3f6000 JavaThread "Service Thread" daemon [_thread_blocked, id=15904, stack(0x000000fa59c00000,0x000000fa59d00000)]
  0x000002d17f3f7000 JavaThread "C2 CompilerThread0" daemon [_thread_blocked, id=10788, stack(0x000000fa59d00000,0x000000fa59e00000)]
  0x000002d17f3fa800 JavaThread "C1 CompilerThread0" daemon [_thread_blocked, id=17260, stack(0x000000fa59e00000,0x000000fa59f00000)]
  0x000002d17f3fb800 JavaThread "Sweeper thread" daemon [_thread_blocked, id=1732, stack(0x000000fa59f00000,0x000000fa5a000000)]
  0x000002d17f529800 JavaThread "Common-Cleaner" daemon [_thread_blocked, id=14648, stack(0x000000fa5a000000,0x000000fa5a100000)]
  0x000002d17f6ae800 JavaThread "Monitor Ctrl-Break" daemon [_thread_in_native, id=2476, stack(0x000000fa5a200000,0x000000fa5a300000)]
  0x000002d17f6af000 JavaThread "Notification Thread" daemon [_thread_blocked, id=4068, stack(0x000000fa5a300000,0x000000fa5a400000)]
=>0x000002d17f52e800 JavaThread "Thread-4" [_thread_in_native, id=6660, stack(0x000000fa5a100000,0x000000fa5a200000)]
  0x000002d15adbe000 JavaThread "DestroyJavaVM" [_thread_blocked, id=14084, stack(0x000000fa59100000,0x000000fa59200000)]

Other Threads:
  0x000002d17eb4c800 VMThread "VM Thread" [stack: 0x000000fa59700000,0x000000fa59800000] [id=9016]
  0x000002d17f6b3000 WatcherThread [stack: 0x000000fa5a400000,0x000000fa5a500000] [id=18404]
  0x000002d15ae26800 GCTaskThread "GC Thread#0" [stack: 0x000000fa59200000,0x000000fa59300000] [id=17956]
  0x000002d15ae49000 ConcurrentGCThread "G1 Main Marker" [stack: 0x000000fa59300000,0x000000fa59400000] [id=14200]
  0x000002d15ae4a800 ConcurrentGCThread "G1 Conc#0" [stack: 0x000000fa59400000,0x000000fa59500000] [id=17120]
  0x000002d17ea35800 ConcurrentGCThread "G1 Refine#0" [stack: 0x000000fa59500000,0x000000fa59600000] [id=12108]
  0x000002d17ea36800 ConcurrentGCThread "G1 Young RemSet Sampling" [stack: 0x000000fa59600000,0x000000fa59700000] [id=16476]

Threads with active compile tasks:

VM state:not at safepoint (normal execution)

VM Mutex/Monitor currently owned by a thread: None

Heap address: 0x0000000701e00000, size: 4066 MB, Compressed Oops mode: Zero based, Oop shift amount: 3
Narrow klass base: 0x0000000800000000, Narrow klass shift: 3
Compressed class space size: 1073741824 Address: 0x0000000800b30000

Heap:
 garbage-first heap   total 262144K, used 17408K [0x0000000701e00000, 0x0000000800000000)
  region size 1024K, 11 young (11264K), 0 survivors (0K)
 Metaspace       used 3117K, capacity 5673K, committed 5760K, reserved 1056768K
  class space    used 328K, capacity 603K, committed 640K, reserved 1048576K
Heap Regions: E=young(eden), S=young(survivor), O=old, HS=humongous(starts), HC=humongous(continues), CS=collection set, F=free, OA=open archive, CA=closed archive, TAMS=top-at-mark-start (previous, next)
|   0|0x0000000701e00000, 0x0000000701f00000, 0x0000000701f00000|100%|HS|  |TAMS 0x0000000701e00000, 0x0000000701e00000| Complete 
|   1|0x0000000701f00000, 0x0000000702000000, 0x0000000702000000|100%|HC|  |TAMS 0x0000000701f00000, 0x0000000701f00000| Complete 
|   2|0x0000000702000000, 0x0000000702100000, 0x0000000702100000|100%|HC|  |TAMS 0x0000000702000000, 0x0000000702000000| Complete 
|   3|0x0000000702100000, 0x0000000702200000, 0x0000000702200000|100%|HC|  |TAMS 0x0000000702100000, 0x0000000702100000| Complete 
|   4|0x0000000702200000, 0x0000000702300000, 0x0000000702300000|100%|HC|  |TAMS 0x0000000702200000, 0x0000000702200000| Complete 
|   5|0x0000000702300000, 0x0000000702400000, 0x0000000702400000|100%|HC|  |TAMS 0x0000000702300000, 0x0000000702300000| Complete 
|   6|0x0000000702400000, 0x0000000702500000, 0x0000000702500000|100%|HS|  |TAMS 0x0000000702400000, 0x0000000702400000| Complete 
|   7|0x0000000702500000, 0x0000000702500000, 0x0000000702600000|  0%| F|  |TAMS 0x0000000702500000, 0x0000000702500000| Untracked 
|   8|0x0000000702600000, 0x0000000702600000, 0x0000000702700000|  0%| F|  |TAMS 0x0000000702600000, 0x0000000702600000| Untracked 
|   9|0x0000000702700000, 0x0000000702700000, 0x0000000702800000|  0%| F|  |TAMS 0x0000000702700000, 0x0000000702700000| Untracked 
|  10|0x0000000702800000, 0x0000000702800000, 0x0000000702900000|  0%| F|  |TAMS 0x0000000702800000, 0x0000000702800000| Untracked 
|  11|0x0000000702900000, 0x0000000702900000, 0x0000000702a00000|  0%| F|  |TAMS 0x0000000702900000, 0x0000000702900000| Untracked 
|  12|0x0000000702a00000, 0x0000000702a00000, 0x0000000702b00000|  0%| F|  |TAMS 0x0000000702a00000, 0x0000000702a00000| Untracked 
|  13|0x0000000702b00000, 0x0000000702b00000, 0x0000000702c00000|  0%| F|  |TAMS 0x0000000702b00000, 0x0000000702b00000| Untracked 
|  14|0x0000000702c00000, 0x0000000702c00000, 0x0000000702d00000|  0%| F|  |TAMS 0x0000000702c00000, 0x0000000702c00000| Untracked 
|  15|0x0000000702d00000, 0x0000000702d00000, 0x0000000702e00000|  0%| F|  |TAMS 0x0000000702d00000, 0x0000000702d00000| Untracked 
|  16|0x0000000702e00000, 0x0000000702e00000, 0x0000000702f00000|  0%| F|  |TAMS 0x0000000702e00000, 0x0000000702e00000| Untracked 
|  17|0x0000000702f00000, 0x0000000702f00000, 0x0000000703000000|  0%| F|  |TAMS 0x0000000702f00000, 0x0000000702f00000| Untracked 
|  18|0x0000000703000000, 0x0000000703000000, 0x0000000703100000|  0%| F|  |TAMS 0x0000000703000000, 0x0000000703000000| Untracked 
|  19|0x0000000703100000, 0x0000000703100000, 0x0000000703200000|  0%| F|  |TAMS 0x0000000703100000, 0x0000000703100000| Untracked 
|  20|0x0000000703200000, 0x0000000703200000, 0x0000000703300000|  0%| F|  |TAMS 0x0000000703200000, 0x0000000703200000| Untracked 
|  21|0x0000000703300000, 0x0000000703300000, 0x0000000703400000|  0%| F|  |TAMS 0x0000000703300000, 0x0000000703300000| Untracked 
|  22|0x0000000703400000, 0x0000000703400000, 0x0000000703500000|  0%| F|  |TAMS 0x0000000703400000, 0x0000000703400000| Untracked 
|  23|0x0000000703500000, 0x0000000703500000, 0x0000000703600000|  0%| F|  |TAMS 0x0000000703500000, 0x0000000703500000| Untracked 
|  24|0x0000000703600000, 0x0000000703600000, 0x0000000703700000|  0%| F|  |TAMS 0x0000000703600000, 0x0000000703600000| Untracked 
|  25|0x0000000703700000, 0x0000000703700000, 0x0000000703800000|  0%| F|  |TAMS 0x0000000703700000, 0x0000000703700000| Untracked 
|  26|0x0000000703800000, 0x0000000703800000, 0x0000000703900000|  0%| F|  |TAMS 0x0000000703800000, 0x0000000703800000| Untracked 
|  27|0x0000000703900000, 0x0000000703900000, 0x0000000703a00000|  0%| F|  |TAMS 0x0000000703900000, 0x0000000703900000| Untracked 
|  28|0x0000000703a00000, 0x0000000703a00000, 0x0000000703b00000|  0%| F|  |TAMS 0x0000000703a00000, 0x0000000703a00000| Untracked 
|  29|0x0000000703b00000, 0x0000000703b00000, 0x0000000703c00000|  0%| F|  |TAMS 0x0000000703b00000, 0x0000000703b00000| Untracked 
|  30|0x0000000703c00000, 0x0000000703c00000, 0x0000000703d00000|  0%| F|  |TAMS 0x0000000703c00000, 0x0000000703c00000| Untracked 
|  31|0x0000000703d00000, 0x0000000703d00000, 0x0000000703e00000|  0%| F|  |TAMS 0x0000000703d00000, 0x0000000703d00000| Untracked 
|  32|0x0000000703e00000, 0x0000000703e00000, 0x0000000703f00000|  0%| F|  |TAMS 0x0000000703e00000, 0x0000000703e00000| Untracked 
|  33|0x0000000703f00000, 0x0000000703f00000, 0x0000000704000000|  0%| F|  |TAMS 0x0000000703f00000, 0x0000000703f00000| Untracked 
|  34|0x0000000704000000, 0x0000000704000000, 0x0000000704100000|  0%| F|  |TAMS 0x0000000704000000, 0x0000000704000000| Untracked 
|  35|0x0000000704100000, 0x0000000704100000, 0x0000000704200000|  0%| F|  |TAMS 0x0000000704100000, 0x0000000704100000| Untracked 
|  36|0x0000000704200000, 0x0000000704200000, 0x0000000704300000|  0%| F|  |TAMS 0x0000000704200000, 0x0000000704200000| Untracked 
|  37|0x0000000704300000, 0x0000000704300000, 0x0000000704400000|  0%| F|  |TAMS 0x0000000704300000, 0x0000000704300000| Untracked 
|  38|0x0000000704400000, 0x0000000704400000, 0x0000000704500000|  0%| F|  |TAMS 0x0000000704400000, 0x0000000704400000| Untracked 
|  39|0x0000000704500000, 0x0000000704500000, 0x0000000704600000|  0%| F|  |TAMS 0x0000000704500000, 0x0000000704500000| Untracked 
|  40|0x0000000704600000, 0x0000000704600000, 0x0000000704700000|  0%| F|  |TAMS 0x0000000704600000, 0x0000000704600000| Untracked 
|  41|0x0000000704700000, 0x0000000704700000, 0x0000000704800000|  0%| F|  |TAMS 0x0000000704700000, 0x0000000704700000| Untracked 
|  42|0x0000000704800000, 0x0000000704800000, 0x0000000704900000|  0%| F|  |TAMS 0x0000000704800000, 0x0000000704800000| Untracked 
|  43|0x0000000704900000, 0x0000000704900000, 0x0000000704a00000|  0%| F|  |TAMS 0x0000000704900000, 0x0000000704900000| Untracked 
|  44|0x0000000704a00000, 0x0000000704a00000, 0x0000000704b00000|  0%| F|  |TAMS 0x0000000704a00000, 0x0000000704a00000| Untracked 
|  45|0x0000000704b00000, 0x0000000704b00000, 0x0000000704c00000|  0%| F|  |TAMS 0x0000000704b00000, 0x0000000704b00000| Untracked 
|  46|0x0000000704c00000, 0x0000000704c00000, 0x0000000704d00000|  0%| F|  |TAMS 0x0000000704c00000, 0x0000000704c00000| Untracked 
|  47|0x0000000704d00000, 0x0000000704d00000, 0x0000000704e00000|  0%| F|  |TAMS 0x0000000704d00000, 0x0000000704d00000| Untracked 
|  48|0x0000000704e00000, 0x0000000704e00000, 0x0000000704f00000|  0%| F|  |TAMS 0x0000000704e00000, 0x0000000704e00000| Untracked 
|  49|0x0000000704f00000, 0x0000000704f00000, 0x0000000705000000|  0%| F|  |TAMS 0x0000000704f00000, 0x0000000704f00000| Untracked 
|  50|0x0000000705000000, 0x0000000705000000, 0x0000000705100000|  0%| F|  |TAMS 0x0000000705000000, 0x0000000705000000| Untracked 
|  51|0x0000000705100000, 0x0000000705100000, 0x0000000705200000|  0%| F|  |TAMS 0x0000000705100000, 0x0000000705100000| Untracked 
|  52|0x0000000705200000, 0x0000000705200000, 0x0000000705300000|  0%| F|  |TAMS 0x0000000705200000, 0x0000000705200000| Untracked 
|  53|0x0000000705300000, 0x0000000705300000, 0x0000000705400000|  0%| F|  |TAMS 0x0000000705300000, 0x0000000705300000| Untracked 
|  54|0x0000000705400000, 0x0000000705400000, 0x0000000705500000|  0%| F|  |TAMS 0x0000000705400000, 0x0000000705400000| Untracked 
|  55|0x0000000705500000, 0x0000000705500000, 0x0000000705600000|  0%| F|  |TAMS 0x0000000705500000, 0x0000000705500000| Untracked 
|  56|0x0000000705600000, 0x0000000705600000, 0x0000000705700000|  0%| F|  |TAMS 0x0000000705600000, 0x0000000705600000| Untracked 
|  57|0x0000000705700000, 0x0000000705700000, 0x0000000705800000|  0%| F|  |TAMS 0x0000000705700000, 0x0000000705700000| Untracked 
|  58|0x0000000705800000, 0x0000000705800000, 0x0000000705900000|  0%| F|  |TAMS 0x0000000705800000, 0x0000000705800000| Untracked 
|  59|0x0000000705900000, 0x0000000705900000, 0x0000000705a00000|  0%| F|  |TAMS 0x0000000705900000, 0x0000000705900000| Untracked 
|  60|0x0000000705a00000, 0x0000000705a00000, 0x0000000705b00000|  0%| F|  |TAMS 0x0000000705a00000, 0x0000000705a00000| Untracked 
|  61|0x0000000705b00000, 0x0000000705b00000, 0x0000000705c00000|  0%| F|  |TAMS 0x0000000705b00000, 0x0000000705b00000| Untracked 
|  62|0x0000000705c00000, 0x0000000705c00000, 0x0000000705d00000|  0%| F|  |TAMS 0x0000000705c00000, 0x0000000705c00000| Untracked 
|  63|0x0000000705d00000, 0x0000000705d00000, 0x0000000705e00000|  0%| F|  |TAMS 0x0000000705d00000, 0x0000000705d00000| Untracked 
|  64|0x0000000705e00000, 0x0000000705e00000, 0x0000000705f00000|  0%| F|  |TAMS 0x0000000705e00000, 0x0000000705e00000| Untracked 
|  65|0x0000000705f00000, 0x0000000705f00000, 0x0000000706000000|  0%| F|  |TAMS 0x0000000705f00000, 0x0000000705f00000| Untracked 
|  66|0x0000000706000000, 0x0000000706000000, 0x0000000706100000|  0%| F|  |TAMS 0x0000000706000000, 0x0000000706000000| Untracked 
|  67|0x0000000706100000, 0x0000000706100000, 0x0000000706200000|  0%| F|  |TAMS 0x0000000706100000, 0x0000000706100000| Untracked 
|  68|0x0000000706200000, 0x0000000706200000, 0x0000000706300000|  0%| F|  |TAMS 0x0000000706200000, 0x0000000706200000| Untracked 
|  69|0x0000000706300000, 0x0000000706300000, 0x0000000706400000|  0%| F|  |TAMS 0x0000000706300000, 0x0000000706300000| Untracked 
|  70|0x0000000706400000, 0x0000000706400000, 0x0000000706500000|  0%| F|  |TAMS 0x0000000706400000, 0x0000000706400000| Untracked 
|  71|0x0000000706500000, 0x0000000706500000, 0x0000000706600000|  0%| F|  |TAMS 0x0000000706500000, 0x0000000706500000| Untracked 
|  72|0x0000000706600000, 0x0000000706600000, 0x0000000706700000|  0%| F|  |TAMS 0x0000000706600000, 0x0000000706600000| Untracked 
|  73|0x0000000706700000, 0x0000000706700000, 0x0000000706800000|  0%| F|  |TAMS 0x0000000706700000, 0x0000000706700000| Untracked 
|  74|0x0000000706800000, 0x0000000706800000, 0x0000000706900000|  0%| F|  |TAMS 0x0000000706800000, 0x0000000706800000| Untracked 
|  75|0x0000000706900000, 0x0000000706900000, 0x0000000706a00000|  0%| F|  |TAMS 0x0000000706900000, 0x0000000706900000| Untracked 
|  76|0x0000000706a00000, 0x0000000706a00000, 0x0000000706b00000|  0%| F|  |TAMS 0x0000000706a00000, 0x0000000706a00000| Untracked 
|  77|0x0000000706b00000, 0x0000000706b00000, 0x0000000706c00000|  0%| F|  |TAMS 0x0000000706b00000, 0x0000000706b00000| Untracked 
|  78|0x0000000706c00000, 0x0000000706c00000, 0x0000000706d00000|  0%| F|  |TAMS 0x0000000706c00000, 0x0000000706c00000| Untracked 
|  79|0x0000000706d00000, 0x0000000706d00000, 0x0000000706e00000|  0%| F|  |TAMS 0x0000000706d00000, 0x0000000706d00000| Untracked 
|  80|0x0000000706e00000, 0x0000000706e00000, 0x0000000706f00000|  0%| F|  |TAMS 0x0000000706e00000, 0x0000000706e00000| Untracked 
|  81|0x0000000706f00000, 0x0000000706f00000, 0x0000000707000000|  0%| F|  |TAMS 0x0000000706f00000, 0x0000000706f00000| Untracked 
|  82|0x0000000707000000, 0x0000000707000000, 0x0000000707100000|  0%| F|  |TAMS 0x0000000707000000, 0x0000000707000000| Untracked 
|  83|0x0000000707100000, 0x0000000707100000, 0x0000000707200000|  0%| F|  |TAMS 0x0000000707100000, 0x0000000707100000| Untracked 
|  84|0x0000000707200000, 0x0000000707200000, 0x0000000707300000|  0%| F|  |TAMS 0x0000000707200000, 0x0000000707200000| Untracked 
|  85|0x0000000707300000, 0x0000000707300000, 0x0000000707400000|  0%| F|  |TAMS 0x0000000707300000, 0x0000000707300000| Untracked 
|  86|0x0000000707400000, 0x0000000707400000, 0x0000000707500000|  0%| F|  |TAMS 0x0000000707400000, 0x0000000707400000| Untracked 
|  87|0x0000000707500000, 0x0000000707500000, 0x0000000707600000|  0%| F|  |TAMS 0x0000000707500000, 0x0000000707500000| Untracked 
|  88|0x0000000707600000, 0x0000000707600000, 0x0000000707700000|  0%| F|  |TAMS 0x0000000707600000, 0x0000000707600000| Untracked 
|  89|0x0000000707700000, 0x0000000707700000, 0x0000000707800000|  0%| F|  |TAMS 0x0000000707700000, 0x0000000707700000| Untracked 
|  90|0x0000000707800000, 0x0000000707800000, 0x0000000707900000|  0%| F|  |TAMS 0x0000000707800000, 0x0000000707800000| Untracked 
|  91|0x0000000707900000, 0x0000000707900000, 0x0000000707a00000|  0%| F|  |TAMS 0x0000000707900000, 0x0000000707900000| Untracked 
|  92|0x0000000707a00000, 0x0000000707a00000, 0x0000000707b00000|  0%| F|  |TAMS 0x0000000707a00000, 0x0000000707a00000| Untracked 
|  93|0x0000000707b00000, 0x0000000707b00000, 0x0000000707c00000|  0%| F|  |TAMS 0x0000000707b00000, 0x0000000707b00000| Untracked 
|  94|0x0000000707c00000, 0x0000000707c00000, 0x0000000707d00000|  0%| F|  |TAMS 0x0000000707c00000, 0x0000000707c00000| Untracked 
|  95|0x0000000707d00000, 0x0000000707d00000, 0x0000000707e00000|  0%| F|  |TAMS 0x0000000707d00000, 0x0000000707d00000| Untracked 
|  96|0x0000000707e00000, 0x0000000707e00000, 0x0000000707f00000|  0%| F|  |TAMS 0x0000000707e00000, 0x0000000707e00000| Untracked 
|  97|0x0000000707f00000, 0x0000000707f00000, 0x0000000708000000|  0%| F|  |TAMS 0x0000000707f00000, 0x0000000707f00000| Untracked 
|  98|0x0000000708000000, 0x0000000708000000, 0x0000000708100000|  0%| F|  |TAMS 0x0000000708000000, 0x0000000708000000| Untracked 
|  99|0x0000000708100000, 0x0000000708100000, 0x0000000708200000|  0%| F|  |TAMS 0x0000000708100000, 0x0000000708100000| Untracked 
| 100|0x0000000708200000, 0x0000000708200000, 0x0000000708300000|  0%| F|  |TAMS 0x0000000708200000, 0x0000000708200000| Untracked 
| 101|0x0000000708300000, 0x0000000708300000, 0x0000000708400000|  0%| F|  |TAMS 0x0000000708300000, 0x0000000708300000| Untracked 
| 102|0x0000000708400000, 0x0000000708400000, 0x0000000708500000|  0%| F|  |TAMS 0x0000000708400000, 0x0000000708400000| Untracked 
| 103|0x0000000708500000, 0x0000000708500000, 0x0000000708600000|  0%| F|  |TAMS 0x0000000708500000, 0x0000000708500000| Untracked 
| 104|0x0000000708600000, 0x0000000708600000, 0x0000000708700000|  0%| F|  |TAMS 0x0000000708600000, 0x0000000708600000| Untracked 
| 105|0x0000000708700000, 0x0000000708700000, 0x0000000708800000|  0%| F|  |TAMS 0x0000000708700000, 0x0000000708700000| Untracked 
| 106|0x0000000708800000, 0x0000000708800000, 0x0000000708900000|  0%| F|  |TAMS 0x0000000708800000, 0x0000000708800000| Untracked 
| 107|0x0000000708900000, 0x0000000708900000, 0x0000000708a00000|  0%| F|  |TAMS 0x0000000708900000, 0x0000000708900000| Untracked 
| 108|0x0000000708a00000, 0x0000000708a00000, 0x0000000708b00000|  0%| F|  |TAMS 0x0000000708a00000, 0x0000000708a00000| Untracked 
| 109|0x0000000708b00000, 0x0000000708b00000, 0x0000000708c00000|  0%| F|  |TAMS 0x0000000708b00000, 0x0000000708b00000| Untracked 
| 110|0x0000000708c00000, 0x0000000708c00000, 0x0000000708d00000|  0%| F|  |TAMS 0x0000000708c00000, 0x0000000708c00000| Untracked 
| 111|0x0000000708d00000, 0x0000000708d00000, 0x0000000708e00000|  0%| F|  |TAMS 0x0000000708d00000, 0x0000000708d00000| Untracked 
| 112|0x0000000708e00000, 0x0000000708e00000, 0x0000000708f00000|  0%| F|  |TAMS 0x0000000708e00000, 0x0000000708e00000| Untracked 
| 113|0x0000000708f00000, 0x0000000708f00000, 0x0000000709000000|  0%| F|  |TAMS 0x0000000708f00000, 0x0000000708f00000| Untracked 
| 114|0x0000000709000000, 0x0000000709000000, 0x0000000709100000|  0%| F|  |TAMS 0x0000000709000000, 0x0000000709000000| Untracked 
| 115|0x0000000709100000, 0x0000000709100000, 0x0000000709200000|  0%| F|  |TAMS 0x0000000709100000, 0x0000000709100000| Untracked 
| 116|0x0000000709200000, 0x0000000709200000, 0x0000000709300000|  0%| F|  |TAMS 0x0000000709200000, 0x0000000709200000| Untracked 
| 117|0x0000000709300000, 0x0000000709300000, 0x0000000709400000|  0%| F|  |TAMS 0x0000000709300000, 0x0000000709300000| Untracked 
| 118|0x0000000709400000, 0x0000000709400000, 0x0000000709500000|  0%| F|  |TAMS 0x0000000709400000, 0x0000000709400000| Untracked 
| 119|0x0000000709500000, 0x0000000709500000, 0x0000000709600000|  0%| F|  |TAMS 0x0000000709500000, 0x0000000709500000| Untracked 
| 120|0x0000000709600000, 0x0000000709600000, 0x0000000709700000|  0%| F|  |TAMS 0x0000000709600000, 0x0000000709600000| Untracked 
| 121|0x0000000709700000, 0x0000000709700000, 0x0000000709800000|  0%| F|  |TAMS 0x0000000709700000, 0x0000000709700000| Untracked 
| 122|0x0000000709800000, 0x0000000709800000, 0x0000000709900000|  0%| F|  |TAMS 0x0000000709800000, 0x0000000709800000| Untracked 
| 123|0x0000000709900000, 0x0000000709900000, 0x0000000709a00000|  0%| F|  |TAMS 0x0000000709900000, 0x0000000709900000| Untracked 
| 124|0x0000000709a00000, 0x0000000709a00000, 0x0000000709b00000|  0%| F|  |TAMS 0x0000000709a00000, 0x0000000709a00000| Untracked 
| 125|0x0000000709b00000, 0x0000000709b00000, 0x0000000709c00000|  0%| F|  |TAMS 0x0000000709b00000, 0x0000000709b00000| Untracked 
| 126|0x0000000709c00000, 0x0000000709c00000, 0x0000000709d00000|  0%| F|  |TAMS 0x0000000709c00000, 0x0000000709c00000| Untracked 
| 127|0x0000000709d00000, 0x0000000709d00000, 0x0000000709e00000|  0%| F|  |TAMS 0x0000000709d00000, 0x0000000709d00000| Untracked 
| 128|0x0000000709e00000, 0x0000000709e00000, 0x0000000709f00000|  0%| F|  |TAMS 0x0000000709e00000, 0x0000000709e00000| Untracked 
| 129|0x0000000709f00000, 0x0000000709f00000, 0x000000070a000000|  0%| F|  |TAMS 0x0000000709f00000, 0x0000000709f00000| Untracked 
| 130|0x000000070a000000, 0x000000070a000000, 0x000000070a100000|  0%| F|  |TAMS 0x000000070a000000, 0x000000070a000000| Untracked 
| 131|0x000000070a100000, 0x000000070a100000, 0x000000070a200000|  0%| F|  |TAMS 0x000000070a100000, 0x000000070a100000| Untracked 
| 132|0x000000070a200000, 0x000000070a200000, 0x000000070a300000|  0%| F|  |TAMS 0x000000070a200000, 0x000000070a200000| Untracked 
| 133|0x000000070a300000, 0x000000070a300000, 0x000000070a400000|  0%| F|  |TAMS 0x000000070a300000, 0x000000070a300000| Untracked 
| 134|0x000000070a400000, 0x000000070a400000, 0x000000070a500000|  0%| F|  |TAMS 0x000000070a400000, 0x000000070a400000| Untracked 
| 135|0x000000070a500000, 0x000000070a500000, 0x000000070a600000|  0%| F|  |TAMS 0x000000070a500000, 0x000000070a500000| Untracked 
| 136|0x000000070a600000, 0x000000070a600000, 0x000000070a700000|  0%| F|  |TAMS 0x000000070a600000, 0x000000070a600000| Untracked 
| 137|0x000000070a700000, 0x000000070a700000, 0x000000070a800000|  0%| F|  |TAMS 0x000000070a700000, 0x000000070a700000| Untracked 
| 138|0x000000070a800000, 0x000000070a800000, 0x000000070a900000|  0%| F|  |TAMS 0x000000070a800000, 0x000000070a800000| Untracked 
| 139|0x000000070a900000, 0x000000070a900000, 0x000000070aa00000|  0%| F|  |TAMS 0x000000070a900000, 0x000000070a900000| Untracked 
| 140|0x000000070aa00000, 0x000000070aa00000, 0x000000070ab00000|  0%| F|  |TAMS 0x000000070aa00000, 0x000000070aa00000| Untracked 
| 141|0x000000070ab00000, 0x000000070ab00000, 0x000000070ac00000|  0%| F|  |TAMS 0x000000070ab00000, 0x000000070ab00000| Untracked 
| 142|0x000000070ac00000, 0x000000070ac00000, 0x000000070ad00000|  0%| F|  |TAMS 0x000000070ac00000, 0x000000070ac00000| Untracked 
| 143|0x000000070ad00000, 0x000000070ad00000, 0x000000070ae00000|  0%| F|  |TAMS 0x000000070ad00000, 0x000000070ad00000| Untracked 
| 144|0x000000070ae00000, 0x000000070ae00000, 0x000000070af00000|  0%| F|  |TAMS 0x000000070ae00000, 0x000000070ae00000| Untracked 
| 145|0x000000070af00000, 0x000000070af00000, 0x000000070b000000|  0%| F|  |TAMS 0x000000070af00000, 0x000000070af00000| Untracked 
| 146|0x000000070b000000, 0x000000070b000000, 0x000000070b100000|  0%| F|  |TAMS 0x000000070b000000, 0x000000070b000000| Untracked 
| 147|0x000000070b100000, 0x000000070b100000, 0x000000070b200000|  0%| F|  |TAMS 0x000000070b100000, 0x000000070b100000| Untracked 
| 148|0x000000070b200000, 0x000000070b200000, 0x000000070b300000|  0%| F|  |TAMS 0x000000070b200000, 0x000000070b200000| Untracked 
| 149|0x000000070b300000, 0x000000070b300000, 0x000000070b400000|  0%| F|  |TAMS 0x000000070b300000, 0x000000070b300000| Untracked 
| 150|0x000000070b400000, 0x000000070b400000, 0x000000070b500000|  0%| F|  |TAMS 0x000000070b400000, 0x000000070b400000| Untracked 
| 151|0x000000070b500000, 0x000000070b500000, 0x000000070b600000|  0%| F|  |TAMS 0x000000070b500000, 0x000000070b500000| Untracked 
| 152|0x000000070b600000, 0x000000070b600000, 0x000000070b700000|  0%| F|  |TAMS 0x000000070b600000, 0x000000070b600000| Untracked 
| 153|0x000000070b700000, 0x000000070b700000, 0x000000070b800000|  0%| F|  |TAMS 0x000000070b700000, 0x000000070b700000| Untracked 
| 154|0x000000070b800000, 0x000000070b800000, 0x000000070b900000|  0%| F|  |TAMS 0x000000070b800000, 0x000000070b800000| Untracked 
| 155|0x000000070b900000, 0x000000070b900000, 0x000000070ba00000|  0%| F|  |TAMS 0x000000070b900000, 0x000000070b900000| Untracked 
| 156|0x000000070ba00000, 0x000000070ba00000, 0x000000070bb00000|  0%| F|  |TAMS 0x000000070ba00000, 0x000000070ba00000| Untracked 
| 157|0x000000070bb00000, 0x000000070bb00000, 0x000000070bc00000|  0%| F|  |TAMS 0x000000070bb00000, 0x000000070bb00000| Untracked 
| 158|0x000000070bc00000, 0x000000070bc00000, 0x000000070bd00000|  0%| F|  |TAMS 0x000000070bc00000, 0x000000070bc00000| Untracked 
| 159|0x000000070bd00000, 0x000000070bd00000, 0x000000070be00000|  0%| F|  |TAMS 0x000000070bd00000, 0x000000070bd00000| Untracked 
| 160|0x000000070be00000, 0x000000070be00000, 0x000000070bf00000|  0%| F|  |TAMS 0x000000070be00000, 0x000000070be00000| Untracked 
| 161|0x000000070bf00000, 0x000000070bf00000, 0x000000070c000000|  0%| F|  |TAMS 0x000000070bf00000, 0x000000070bf00000| Untracked 
| 162|0x000000070c000000, 0x000000070c000000, 0x000000070c100000|  0%| F|  |TAMS 0x000000070c000000, 0x000000070c000000| Untracked 
| 163|0x000000070c100000, 0x000000070c100000, 0x000000070c200000|  0%| F|  |TAMS 0x000000070c100000, 0x000000070c100000| Untracked 
| 164|0x000000070c200000, 0x000000070c200000, 0x000000070c300000|  0%| F|  |TAMS 0x000000070c200000, 0x000000070c200000| Untracked 
| 165|0x000000070c300000, 0x000000070c300000, 0x000000070c400000|  0%| F|  |TAMS 0x000000070c300000, 0x000000070c300000| Untracked 
| 166|0x000000070c400000, 0x000000070c400000, 0x000000070c500000|  0%| F|  |TAMS 0x000000070c400000, 0x000000070c400000| Untracked 
| 167|0x000000070c500000, 0x000000070c500000, 0x000000070c600000|  0%| F|  |TAMS 0x000000070c500000, 0x000000070c500000| Untracked 
| 168|0x000000070c600000, 0x000000070c600000, 0x000000070c700000|  0%| F|  |TAMS 0x000000070c600000, 0x000000070c600000| Untracked 
| 169|0x000000070c700000, 0x000000070c700000, 0x000000070c800000|  0%| F|  |TAMS 0x000000070c700000, 0x000000070c700000| Untracked 
| 170|0x000000070c800000, 0x000000070c800000, 0x000000070c900000|  0%| F|  |TAMS 0x000000070c800000, 0x000000070c800000| Untracked 
| 171|0x000000070c900000, 0x000000070c900000, 0x000000070ca00000|  0%| F|  |TAMS 0x000000070c900000, 0x000000070c900000| Untracked 
| 172|0x000000070ca00000, 0x000000070ca00000, 0x000000070cb00000|  0%| F|  |TAMS 0x000000070ca00000, 0x000000070ca00000| Untracked 
| 173|0x000000070cb00000, 0x000000070cb00000, 0x000000070cc00000|  0%| F|  |TAMS 0x000000070cb00000, 0x000000070cb00000| Untracked 
| 174|0x000000070cc00000, 0x000000070cc00000, 0x000000070cd00000|  0%| F|  |TAMS 0x000000070cc00000, 0x000000070cc00000| Untracked 
| 175|0x000000070cd00000, 0x000000070cd00000, 0x000000070ce00000|  0%| F|  |TAMS 0x000000070cd00000, 0x000000070cd00000| Untracked 
| 176|0x000000070ce00000, 0x000000070ce00000, 0x000000070cf00000|  0%| F|  |TAMS 0x000000070ce00000, 0x000000070ce00000| Untracked 
| 177|0x000000070cf00000, 0x000000070cf00000, 0x000000070d000000|  0%| F|  |TAMS 0x000000070cf00000, 0x000000070cf00000| Untracked 
| 178|0x000000070d000000, 0x000000070d000000, 0x000000070d100000|  0%| F|  |TAMS 0x000000070d000000, 0x000000070d000000| Untracked 
| 179|0x000000070d100000, 0x000000070d100000, 0x000000070d200000|  0%| F|  |TAMS 0x000000070d100000, 0x000000070d100000| Untracked 
| 180|0x000000070d200000, 0x000000070d200000, 0x000000070d300000|  0%| F|  |TAMS 0x000000070d200000, 0x000000070d200000| Untracked 
| 181|0x000000070d300000, 0x000000070d300000, 0x000000070d400000|  0%| F|  |TAMS 0x000000070d300000, 0x000000070d300000| Untracked 
| 182|0x000000070d400000, 0x000000070d400000, 0x000000070d500000|  0%| F|  |TAMS 0x000000070d400000, 0x000000070d400000| Untracked 
| 183|0x000000070d500000, 0x000000070d500000, 0x000000070d600000|  0%| F|  |TAMS 0x000000070d500000, 0x000000070d500000| Untracked 
| 184|0x000000070d600000, 0x000000070d600000, 0x000000070d700000|  0%| F|  |TAMS 0x000000070d600000, 0x000000070d600000| Untracked 
| 185|0x000000070d700000, 0x000000070d700000, 0x000000070d800000|  0%| F|  |TAMS 0x000000070d700000, 0x000000070d700000| Untracked 
| 186|0x000000070d800000, 0x000000070d800000, 0x000000070d900000|  0%| F|  |TAMS 0x000000070d800000, 0x000000070d800000| Untracked 
| 187|0x000000070d900000, 0x000000070d900000, 0x000000070da00000|  0%| F|  |TAMS 0x000000070d900000, 0x000000070d900000| Untracked 
| 188|0x000000070da00000, 0x000000070da00000, 0x000000070db00000|  0%| F|  |TAMS 0x000000070da00000, 0x000000070da00000| Untracked 
| 189|0x000000070db00000, 0x000000070db00000, 0x000000070dc00000|  0%| F|  |TAMS 0x000000070db00000, 0x000000070db00000| Untracked 
| 190|0x000000070dc00000, 0x000000070dc00000, 0x000000070dd00000|  0%| F|  |TAMS 0x000000070dc00000, 0x000000070dc00000| Untracked 
| 191|0x000000070dd00000, 0x000000070dd00000, 0x000000070de00000|  0%| F|  |TAMS 0x000000070dd00000, 0x000000070dd00000| Untracked 
| 192|0x000000070de00000, 0x000000070de00000, 0x000000070df00000|  0%| F|  |TAMS 0x000000070de00000, 0x000000070de00000| Untracked 
| 193|0x000000070df00000, 0x000000070df00000, 0x000000070e000000|  0%| F|  |TAMS 0x000000070df00000, 0x000000070df00000| Untracked 
| 194|0x000000070e000000, 0x000000070e000000, 0x000000070e100000|  0%| F|  |TAMS 0x000000070e000000, 0x000000070e000000| Untracked 
| 195|0x000000070e100000, 0x000000070e100000, 0x000000070e200000|  0%| F|  |TAMS 0x000000070e100000, 0x000000070e100000| Untracked 
| 196|0x000000070e200000, 0x000000070e200000, 0x000000070e300000|  0%| F|  |TAMS 0x000000070e200000, 0x000000070e200000| Untracked 
| 197|0x000000070e300000, 0x000000070e300000, 0x000000070e400000|  0%| F|  |TAMS 0x000000070e300000, 0x000000070e300000| Untracked 
| 198|0x000000070e400000, 0x000000070e400000, 0x000000070e500000|  0%| F|  |TAMS 0x000000070e400000, 0x000000070e400000| Untracked 
| 199|0x000000070e500000, 0x000000070e500000, 0x000000070e600000|  0%| F|  |TAMS 0x000000070e500000, 0x000000070e500000| Untracked 
| 200|0x000000070e600000, 0x000000070e600000, 0x000000070e700000|  0%| F|  |TAMS 0x000000070e600000, 0x000000070e600000| Untracked 
| 201|0x000000070e700000, 0x000000070e700000, 0x000000070e800000|  0%| F|  |TAMS 0x000000070e700000, 0x000000070e700000| Untracked 
| 202|0x000000070e800000, 0x000000070e800000, 0x000000070e900000|  0%| F|  |TAMS 0x000000070e800000, 0x000000070e800000| Untracked 
| 203|0x000000070e900000, 0x000000070e900000, 0x000000070ea00000|  0%| F|  |TAMS 0x000000070e900000, 0x000000070e900000| Untracked 
| 204|0x000000070ea00000, 0x000000070ea00000, 0x000000070eb00000|  0%| F|  |TAMS 0x000000070ea00000, 0x000000070ea00000| Untracked 
| 205|0x000000070eb00000, 0x000000070eb00000, 0x000000070ec00000|  0%| F|  |TAMS 0x000000070eb00000, 0x000000070eb00000| Untracked 
| 206|0x000000070ec00000, 0x000000070ec00000, 0x000000070ed00000|  0%| F|  |TAMS 0x000000070ec00000, 0x000000070ec00000| Untracked 
| 207|0x000000070ed00000, 0x000000070ed00000, 0x000000070ee00000|  0%| F|  |TAMS 0x000000070ed00000, 0x000000070ed00000| Untracked 
| 208|0x000000070ee00000, 0x000000070ee00000, 0x000000070ef00000|  0%| F|  |TAMS 0x000000070ee00000, 0x000000070ee00000| Untracked 
| 209|0x000000070ef00000, 0x000000070ef00000, 0x000000070f000000|  0%| F|  |TAMS 0x000000070ef00000, 0x000000070ef00000| Untracked 
| 210|0x000000070f000000, 0x000000070f000000, 0x000000070f100000|  0%| F|  |TAMS 0x000000070f000000, 0x000000070f000000| Untracked 
| 211|0x000000070f100000, 0x000000070f100000, 0x000000070f200000|  0%| F|  |TAMS 0x000000070f100000, 0x000000070f100000| Untracked 
| 212|0x000000070f200000, 0x000000070f200000, 0x000000070f300000|  0%| F|  |TAMS 0x000000070f200000, 0x000000070f200000| Untracked 
| 213|0x000000070f300000, 0x000000070f300000, 0x000000070f400000|  0%| F|  |TAMS 0x000000070f300000, 0x000000070f300000| Untracked 
| 214|0x000000070f400000, 0x000000070f400000, 0x000000070f500000|  0%| F|  |TAMS 0x000000070f400000, 0x000000070f400000| Untracked 
| 215|0x000000070f500000, 0x000000070f500000, 0x000000070f600000|  0%| F|  |TAMS 0x000000070f500000, 0x000000070f500000| Untracked 
| 216|0x000000070f600000, 0x000000070f600000, 0x000000070f700000|  0%| F|  |TAMS 0x000000070f600000, 0x000000070f600000| Untracked 
| 217|0x000000070f700000, 0x000000070f700000, 0x000000070f800000|  0%| F|  |TAMS 0x000000070f700000, 0x000000070f700000| Untracked 
| 218|0x000000070f800000, 0x000000070f800000, 0x000000070f900000|  0%| F|  |TAMS 0x000000070f800000, 0x000000070f800000| Untracked 
| 219|0x000000070f900000, 0x000000070f900000, 0x000000070fa00000|  0%| F|  |TAMS 0x000000070f900000, 0x000000070f900000| Untracked 
| 220|0x000000070fa00000, 0x000000070fa00000, 0x000000070fb00000|  0%| F|  |TAMS 0x000000070fa00000, 0x000000070fa00000| Untracked 
| 221|0x000000070fb00000, 0x000000070fb00000, 0x000000070fc00000|  0%| F|  |TAMS 0x000000070fb00000, 0x000000070fb00000| Untracked 
| 222|0x000000070fc00000, 0x000000070fc00000, 0x000000070fd00000|  0%| F|  |TAMS 0x000000070fc00000, 0x000000070fc00000| Untracked 
| 223|0x000000070fd00000, 0x000000070fd00000, 0x000000070fe00000|  0%| F|  |TAMS 0x000000070fd00000, 0x000000070fd00000| Untracked 
| 224|0x000000070fe00000, 0x000000070fe00000, 0x000000070ff00000|  0%| F|  |TAMS 0x000000070fe00000, 0x000000070fe00000| Untracked 
| 225|0x000000070ff00000, 0x000000070ff00000, 0x0000000710000000|  0%| F|  |TAMS 0x000000070ff00000, 0x000000070ff00000| Untracked 
| 226|0x0000000710000000, 0x0000000710000000, 0x0000000710100000|  0%| F|  |TAMS 0x0000000710000000, 0x0000000710000000| Untracked 
| 227|0x0000000710100000, 0x0000000710100000, 0x0000000710200000|  0%| F|  |TAMS 0x0000000710100000, 0x0000000710100000| Untracked 
| 228|0x0000000710200000, 0x0000000710200000, 0x0000000710300000|  0%| F|  |TAMS 0x0000000710200000, 0x0000000710200000| Untracked 
| 229|0x0000000710300000, 0x0000000710300000, 0x0000000710400000|  0%| F|  |TAMS 0x0000000710300000, 0x0000000710300000| Untracked 
| 230|0x0000000710400000, 0x0000000710400000, 0x0000000710500000|  0%| F|  |TAMS 0x0000000710400000, 0x0000000710400000| Untracked 
| 231|0x0000000710500000, 0x0000000710500000, 0x0000000710600000|  0%| F|  |TAMS 0x0000000710500000, 0x0000000710500000| Untracked 
| 232|0x0000000710600000, 0x0000000710600000, 0x0000000710700000|  0%| F|  |TAMS 0x0000000710600000, 0x0000000710600000| Untracked 
| 233|0x0000000710700000, 0x0000000710700000, 0x0000000710800000|  0%| F|  |TAMS 0x0000000710700000, 0x0000000710700000| Untracked 
| 234|0x0000000710800000, 0x0000000710800000, 0x0000000710900000|  0%| F|  |TAMS 0x0000000710800000, 0x0000000710800000| Untracked 
| 235|0x0000000710900000, 0x0000000710900000, 0x0000000710a00000|  0%| F|  |TAMS 0x0000000710900000, 0x0000000710900000| Untracked 
| 236|0x0000000710a00000, 0x0000000710a00000, 0x0000000710b00000|  0%| F|  |TAMS 0x0000000710a00000, 0x0000000710a00000| Untracked 
| 237|0x0000000710b00000, 0x0000000710b00000, 0x0000000710c00000|  0%| F|  |TAMS 0x0000000710b00000, 0x0000000710b00000| Untracked 
| 238|0x0000000710c00000, 0x0000000710c00000, 0x0000000710d00000|  0%| F|  |TAMS 0x0000000710c00000, 0x0000000710c00000| Untracked 
| 239|0x0000000710d00000, 0x0000000710d00000, 0x0000000710e00000|  0%| F|  |TAMS 0x0000000710d00000, 0x0000000710d00000| Untracked 
| 240|0x0000000710e00000, 0x0000000710e00000, 0x0000000710f00000|  0%| F|  |TAMS 0x0000000710e00000, 0x0000000710e00000| Untracked 
| 241|0x0000000710f00000, 0x0000000710f00000, 0x0000000711000000|  0%| F|  |TAMS 0x0000000710f00000, 0x0000000710f00000| Untracked 
| 242|0x0000000711000000, 0x0000000711000000, 0x0000000711100000|  0%| F|  |TAMS 0x0000000711000000, 0x0000000711000000| Untracked 
| 243|0x0000000711100000, 0x0000000711100000, 0x0000000711200000|  0%| F|  |TAMS 0x0000000711100000, 0x0000000711100000| Untracked 
| 244|0x0000000711200000, 0x0000000711200000, 0x0000000711300000|  0%| F|  |TAMS 0x0000000711200000, 0x0000000711200000| Untracked 
| 245|0x0000000711300000, 0x00000007113ec0c0, 0x0000000711400000| 92%| E|  |TAMS 0x0000000711300000, 0x0000000711300000| Complete 
| 246|0x0000000711400000, 0x0000000711500000, 0x0000000711500000|100%| E|CS|TAMS 0x0000000711400000, 0x0000000711400000| Complete 
| 247|0x0000000711500000, 0x0000000711600000, 0x0000000711600000|100%| E|CS|TAMS 0x0000000711500000, 0x0000000711500000| Complete 
| 248|0x0000000711600000, 0x0000000711700000, 0x0000000711700000|100%| E|CS|TAMS 0x0000000711600000, 0x0000000711600000| Complete 
| 249|0x0000000711700000, 0x0000000711800000, 0x0000000711800000|100%| E|CS|TAMS 0x0000000711700000, 0x0000000711700000| Complete 
| 250|0x0000000711800000, 0x0000000711900000, 0x0000000711900000|100%| E|CS|TAMS 0x0000000711800000, 0x0000000711800000| Complete 
| 251|0x0000000711900000, 0x0000000711a00000, 0x0000000711a00000|100%| E|CS|TAMS 0x0000000711900000, 0x0000000711900000| Complete 
| 252|0x0000000711a00000, 0x0000000711b00000, 0x0000000711b00000|100%| E|CS|TAMS 0x0000000711a00000, 0x0000000711a00000| Complete 
| 253|0x0000000711b00000, 0x0000000711c00000, 0x0000000711c00000|100%| E|CS|TAMS 0x0000000711b00000, 0x0000000711b00000| Complete 
| 254|0x0000000711c00000, 0x0000000711d00000, 0x0000000711d00000|100%| E|CS|TAMS 0x0000000711c00000, 0x0000000711c00000| Complete 
| 255|0x0000000711d00000, 0x0000000711e00000, 0x0000000711e00000|100%| E|CS|TAMS 0x0000000711d00000, 0x0000000711d00000| Complete 

Card table byte_map: [0x000002d1730a0000,0x000002d1738a0000] _byte_map_base: 0x000002d16f891000

Marking Bits (Prev, Next): (CMBitMap*) 0x000002d15ae28598, (CMBitMap*) 0x000002d15ae285d8
 Prev Bits: [0x000002d1740a0000, 0x000002d178028000)
 Next Bits: [0x000002d178030000, 0x000002d17bfb8000)

Polling page: 0x000002d158cf0000

Metaspace:

Usage:
  Non-class:      4.95 MB capacity,     2.72 MB ( 55%) used,     2.22 MB ( 45%) free+waste,    12.19 KB ( <1%) overhead. 
      Class:    603.00 KB capacity,   328.82 KB ( 55%) used,   266.74 KB ( 44%) free+waste,     7.44 KB (  1%) overhead. 
       Both:      5.54 MB capacity,     3.04 MB ( 55%) used,     2.48 MB ( 45%) free+waste,    19.63 KB ( <1%) overhead. 

Virtual space:
  Non-class space:        8.00 MB reserved,       5.00 MB ( 63%) committed 
      Class space:        1.00 GB reserved,     640.00 KB ( <1%) committed 
             Both:        1.01 GB reserved,       5.63 MB ( <1%) committed 

Chunk freelists:
   Non-Class:  0 bytes
       Class:  0 bytes
        Both:  0 bytes

MaxMetaspaceSize: 17179869184.00 GB
CompressedClassSpaceSize: 1.00 GB

CodeHeap 'non-profiled nmethods': size=120000Kb used=335Kb max_used=335Kb free=119664Kb
 bounds [0x000002d16b030000, 0x000002d16b2a0000, 0x000002d172560000]
CodeHeap 'profiled nmethods': size=120000Kb used=1171Kb max_used=1171Kb free=118828Kb
 bounds [0x000002d163b00000, 0x000002d163d70000, 0x000002d16b030000]
CodeHeap 'non-nmethods': size=5760Kb used=1159Kb max_used=1199Kb free=4600Kb
 bounds [0x000002d163560000, 0x000002d1637d0000, 0x000002d163b00000]
 total_blobs=1174 nmethods=765 adapters=322
 compilation: enabled
              stopped_count=0, restarted_count=0
 full_count=0

Compilation events (20 events):
Event: 1.033 Thread 0x000002d17f3fa800  758       3       java.util.Properties::getProperty (50 bytes)
Event: 1.034 Thread 0x000002d17f3fa800 nmethod 758 0x000002d163c22a10 code [0x000002d163c22be0, 0x000002d163c23138]
Event: 1.034 Thread 0x000002d17f3fa800  760       1       java.util.concurrent.ConcurrentHashMap$MapEntry::getKey (5 bytes)
Event: 1.034 Thread 0x000002d17f3fa800 nmethod 760 0x000002d16b07f790 code [0x000002d16b07f920, 0x000002d16b07f9f8]
Event: 1.034 Thread 0x000002d17f3fa800  761       1       java.util.concurrent.ConcurrentHashMap$MapEntry::getValue (5 bytes)
Event: 1.034 Thread 0x000002d17f3fa800 nmethod 761 0x000002d16b07fa90 code [0x000002d16b07fc20, 0x000002d16b07fcf8]
Event: 1.037 Thread 0x000002d17f3f7000 nmethod 745 0x000002d16b07fd90 code [0x000002d16b07ffc0, 0x000002d16b080468]
Event: 1.037 Thread 0x000002d17f3f7000  759       4       java.lang.StringBuilder::append (8 bytes)
Event: 1.042 Thread 0x000002d17f3f7000 nmethod 759 0x000002d16b080790 code [0x000002d16b080960, 0x000002d16b080f08]
Event: 1.042 Thread 0x000002d17f3f7000  746       4       java.util.HashSet::add (20 bytes)
Event: 1.069 Thread 0x000002d17f3f7000 nmethod 746 0x000002d16b081190 code [0x000002d16b081440, 0x000002d16b082b78]
Event: 1.069 Thread 0x000002d17f3f7000  756       4       java.util.HashMap$Node::<init> (26 bytes)
Event: 1.072 Thread 0x000002d17f3f7000 nmethod 756 0x000002d16b083210 code [0x000002d16b083380, 0x000002d16b0836d8]
Event: 15.168 Thread 0x000002d17f3fa800  762       3       java.lang.StringLatin1::regionMatchesCI (98 bytes)
Event: 15.171 Thread 0x000002d17f3fa800 nmethod 762 0x000002d163c23290 code [0x000002d163c234c0, 0x000002d163c23bf8]
Event: 15.171 Thread 0x000002d17f3fa800  763       1       java.io.File::getPath (5 bytes)
Event: 15.171 Thread 0x000002d17f3fa800 nmethod 763 0x000002d16b083790 code [0x000002d16b083920, 0x000002d16b0839f8]
Event: 15.173 Thread 0x000002d17f3fa800  765       3       java.lang.ThreadLocal$ThreadLocalMap::getEntry (42 bytes)
Event: 15.174 Thread 0x000002d17f3fa800 nmethod 765 0x000002d163c23f90 code [0x000002d163c24140, 0x000002d163c24428]
Event: 15.174 Thread 0x000002d17f3fa800  766       3       java.nio.HeapCharBuffer::put (20 bytes)

GC Heap History (0 events):
No events

Deoptimization events (20 events):
Event: 0.408 Thread 0x000002d17f6b9000 DEOPT PACKING pc=0x000002d163bf0fd6 sp=0x000000fa5a7fe740
Event: 0.408 Thread 0x000002d17f6b9000 DEOPT UNPACKING pc=0x000002d1635a964e sp=0x000000fa5a7fdc48 mode 0
Event: 0.408 Thread 0x000002d17f6b9000 DEOPT PACKING pc=0x000002d163bf0fd6 sp=0x000000fa5a7fe740
Event: 0.408 Thread 0x000002d17f6b9000 DEOPT UNPACKING pc=0x000002d1635a964e sp=0x000000fa5a7fdc48 mode 0
Event: 0.408 Thread 0x000002d17f6b9000 DEOPT PACKING pc=0x000002d163bf0fd6 sp=0x000000fa5a7fe740
Event: 0.408 Thread 0x000002d17f6b9000 DEOPT UNPACKING pc=0x000002d1635a964e sp=0x000000fa5a7fdc48 mode 0
Event: 0.409 Thread 0x000002d17f6b9000 DEOPT PACKING pc=0x000002d163bf0fd6 sp=0x000000fa5a7fe740
Event: 0.409 Thread 0x000002d17f6b9000 DEOPT UNPACKING pc=0x000002d1635a964e sp=0x000000fa5a7fdc48 mode 0
Event: 0.409 Thread 0x000002d17f6b9000 DEOPT PACKING pc=0x000002d163bf0fd6 sp=0x000000fa5a7fe740
Event: 0.409 Thread 0x000002d17f6b9000 DEOPT UNPACKING pc=0x000002d1635a964e sp=0x000000fa5a7fdc48 mode 0
Event: 0.409 Thread 0x000002d17f6b9000 DEOPT PACKING pc=0x000002d163bf0fd6 sp=0x000000fa5a7fe740
Event: 0.409 Thread 0x000002d17f6b9000 DEOPT UNPACKING pc=0x000002d1635a964e sp=0x000000fa5a7fdc48 mode 0
Event: 0.418 Thread 0x000002d17f6b9000 Uncommon trap: trap_request=0xffffff45 fr.pc=0x000002d16b06ca60 relative=0x00000000000007c0
Event: 0.418 Thread 0x000002d17f6b9000 Uncommon trap: reason=unstable_if action=reinterpret pc=0x000002d16b06ca60 method=org.sqlite.SQLiteJDBCLoader.contentsEquals(Ljava/io/InputStream;Ljava/io/InputStream;)Z @ 39 c2
Event: 0.418 Thread 0x000002d17f6b9000 DEOPT PACKING pc=0x000002d16b06ca60 sp=0x000000fa5a7fe770
Event: 0.418 Thread 0x000002d17f6b9000 DEOPT UNPACKING pc=0x000002d1635a912f sp=0x000000fa5a7fe748 mode 2
Event: 0.494 Thread 0x000002d17f6b7800 Uncommon trap: trap_request=0xffffff45 fr.pc=0x000002d16b06b18c relative=0x000000000000040c
Event: 0.494 Thread 0x000002d17f6b7800 Uncommon trap: reason=unstable_if action=reinterpret pc=0x000002d16b06b18c method=java.lang.StringLatin1.canEncode(I)Z @ 4 c2
Event: 0.494 Thread 0x000002d17f6b7800 DEOPT PACKING pc=0x000002d16b06b18c sp=0x000000fa5a5fdf60
Event: 0.494 Thread 0x000002d17f6b7800 DEOPT UNPACKING pc=0x000002d1635a912f sp=0x000000fa5a5fded0 mode 2

Classes unloaded (0 events):
No events

Classes redefined (0 events):
No events

Internal exceptions (3 events):
Event: 0.247 Thread 0x000002d17f6b7800 Exception <a 'java/lang/NoSuchMethodError'{0x00000007119d6af0}: 'int java.lang.invoke.DirectMethodHandle$Holder.invokeSpecialIFC(java.lang.Object, java.lang.Object, int)'> (0x00000007119d6af0) 
thrown [./open/src/hotspot/share/interpreter/linkResolver.cpp, line 766]
Event: 0.301 Thread 0x000002d17f6b9000 Exception <a 'java/lang/NoSuchMethodError'{0x00000007116d4f60}: 'java.lang.Object java.lang.invoke.DirectMethodHandle$Holder.invokeStaticInit(java.lang.Object, int, int, int, int)'> (0x00000007116d4f60) 
thrown [./open/src/hotspot/share/interpreter/linkResolver.cpp, line 766]
Event: 0.364 Thread 0x000002d17f6b9000 Exception <a 'java/lang/NoSuchMethodError'{0x000000071152d308}: 'java.lang.Object java.lang.invoke.DirectMethodHandle$Holder.invokeStaticInit(java.lang.Object, java.lang.Object, int, int, int, int)'> (0x000000071152d308) 
thrown [./open/src/hotspot/share/interpreter/linkResolver.cpp, line 766]

Events (20 events):
Event: 1.029 loading class sun/util/resources/cldr/TimeZoneNames_en
Event: 1.030 loading class sun/util/resources/cldr/TimeZoneNames_en done
Event: 1.030 loading class sun/util/resources/cldr/TimeZoneNames_en_US
Event: 1.030 loading class sun/util/resources/cldr/TimeZoneNames_en_US done
Event: 15.166 Thread 0x000002d17f52e800 Thread added: 0x000002d17f52e800
Event: 15.166 Thread 0x000002d1005e4800 Thread added: 0x000002d1005e4800
Event: 15.167 Thread 0x000002d17f6b9800 Thread added: 0x000002d17f6b9800
Event: 15.167 Thread 0x000002d1005bd800 Thread added: 0x000002d1005bd800
Event: 15.167 Thread 0x000002d15adbe000 Thread exited: 0x000002d15adbe000
Event: 15.168 Thread 0x000002d15adbe000 Thread added: 0x000002d15adbe000
Event: 15.173 Executing VM operation: HandshakeOneThread
Event: 15.173 Executing VM operation: HandshakeOneThread done
Event: 15.173 Executing VM operation: HandshakeOneThread
Event: 15.173 Executing VM operation: HandshakeOneThread done
Event: 15.174 Executing VM operation: HandshakeOneThread
Event: 15.174 Executing VM operation: HandshakeOneThread done
Event: 15.174 Executing VM operation: HandshakeOneThread
Event: 15.174 Executing VM operation: HandshakeOneThread done
Event: 15.174 Thread 0x000002d1005e4800 Thread exited: 0x000002d1005e4800
Event: 15.174 Thread 0x000002d17f6b9800 Thread exited: 0x000002d17f6b9800


Dynamic libraries:
0x00007ff784d30000 - 0x00007ff784d3f000 	C:\Program Files\Java\jdk-14.0.2\bin\java.exe
0x00007ffeafd80000 - 0x00007ffeaff70000 	C:\WINDOWS\SYSTEM32\ntdll.dll
0x00007ffeaf4f0000 - 0x00007ffeaf5a2000 	C:\WINDOWS\System32\KERNEL32.DLL
0x00007ffead830000 - 0x00007ffeadad5000 	C:\WINDOWS\System32\KERNELBASE.dll
0x00007ffead670000 - 0x00007ffead76a000 	C:\WINDOWS\System32\ucrtbase.dll
0x00007ffe9a350000 - 0x00007ffe9a368000 	C:\Program Files\Java\jdk-14.0.2\bin\jli.dll
0x00007ffe9a330000 - 0x00007ffe9a345000 	C:\Program Files\Java\jdk-14.0.2\bin\VCRUNTIME140.dll
0x00007ffeafc90000 - 0x00007ffeafd33000 	C:\WINDOWS\System32\ADVAPI32.dll
0x00007ffeaede0000 - 0x00007ffeaee7e000 	C:\WINDOWS\System32\msvcrt.dll
0x00007ffeade30000 - 0x00007ffeadec7000 	C:\WINDOWS\System32\sechost.dll
0x00007ffeaf750000 - 0x00007ffeaf86f000 	C:\WINDOWS\System32\RPCRT4.dll
0x00007ffeaf320000 - 0x00007ffeaf4b4000 	C:\WINDOWS\System32\USER32.dll
0x00007ffeacd00000 - 0x00007ffeacd21000 	C:\WINDOWS\System32\win32u.dll
0x00007ffe9c870000 - 0x00007ffe9caf4000 	C:\WINDOWS\WinSxS\amd64_microsoft.windows.common-controls_6595b64144ccf1df_6.0.18362.1316_none_9e7a364fe461dbd7\COMCTL32.dll
0x00007ffeaefd0000 - 0x00007ffeaf307000 	C:\WINDOWS\System32\combase.dll
0x00007ffeaf4c0000 - 0x00007ffeaf4e6000 	C:\WINDOWS\System32\GDI32.dll
0x00007ffead7a0000 - 0x00007ffead821000 	C:\WINDOWS\System32\bcryptPrimitives.dll
0x00007ffead4b0000 - 0x00007ffead648000 	C:\WINDOWS\System32\gdi32full.dll
0x00007ffeadae0000 - 0x00007ffeadb7e000 	C:\WINDOWS\System32\msvcp_win.dll
0x00007ffea3140000 - 0x00007ffea314a000 	C:\WINDOWS\SYSTEM32\VERSION.dll
0x00007ffeae410000 - 0x00007ffeae43e000 	C:\WINDOWS\System32\IMM32.DLL
0x00007ffe8c120000 - 0x00007ffe8c1bb000 	C:\Program Files\Java\jdk-14.0.2\bin\msvcp140.dll
0x00007ffe82aa0000 - 0x00007ffe835be000 	C:\Program Files\Java\jdk-14.0.2\bin\server\jvm.dll
0x00007ffeaf310000 - 0x00007ffeaf318000 	C:\WINDOWS\System32\PSAPI.DLL
0x00007ffea9280000 - 0x00007ffea9289000 	C:\WINDOWS\SYSTEM32\WSOCK32.dll
0x00007ffeab580000 - 0x00007ffeab5a4000 	C:\WINDOWS\SYSTEM32\WINMM.dll
0x00007ffeaf9b0000 - 0x00007ffeafa1f000 	C:\WINDOWS\System32\WS2_32.dll
0x00007ffeab550000 - 0x00007ffeab57d000 	C:\WINDOWS\SYSTEM32\winmmbase.dll
0x00007ffeadcd0000 - 0x00007ffeadd1a000 	C:\WINDOWS\System32\cfgmgr32.dll
0x00007ffeacc40000 - 0x00007ffeacc51000 	C:\WINDOWS\System32\kernel.appcore.dll
0x00007ffea91d0000 - 0x00007ffea91da000 	C:\Program Files\Java\jdk-14.0.2\bin\jimage.dll
0x00007ffeab350000 - 0x00007ffeab544000 	C:\WINDOWS\SYSTEM32\DBGHELP.DLL
0x00007ffeab320000 - 0x00007ffeab34a000 	C:\WINDOWS\SYSTEM32\dbgcore.DLL
0x00007ffe9a1e0000 - 0x00007ffe9a1ee000 	C:\Program Files\Java\jdk-14.0.2\bin\instrument.dll
0x00007ffe9a2e0000 - 0x00007ffe9a305000 	C:\Program Files\Java\jdk-14.0.2\bin\java.dll
0x00007ffe9a210000 - 0x00007ffe9a226000 	C:\Program Files\Java\jdk-14.0.2\bin\zip.dll
0x00007ffeae440000 - 0x00007ffeaeb28000 	C:\WINDOWS\System32\SHELL32.dll
0x00007ffeadef0000 - 0x00007ffeadf97000 	C:\WINDOWS\System32\shcore.dll
0x00007ffeacd30000 - 0x00007ffead4ab000 	C:\WINDOWS\System32\windows.storage.dll
0x00007ffeaccb0000 - 0x00007ffeaccd3000 	C:\WINDOWS\System32\profapi.dll
0x00007ffeacc60000 - 0x00007ffeaccaa000 	C:\WINDOWS\System32\powrprof.dll
0x00007ffeacc30000 - 0x00007ffeacc40000 	C:\WINDOWS\System32\UMPDC.dll
0x00007ffeaef60000 - 0x00007ffeaefb2000 	C:\WINDOWS\System32\shlwapi.dll
0x00007ffead650000 - 0x00007ffead667000 	C:\WINDOWS\System32\cryptsp.dll
0x00007ffe9a1f0000 - 0x00007ffe9a209000 	C:\Program Files\Java\jdk-14.0.2\bin\net.dll
0x00007ffea2010000 - 0x00007ffea2100000 	C:\WINDOWS\SYSTEM32\WINHTTP.dll
0x00007ffeac420000 - 0x00007ffeac487000 	C:\WINDOWS\system32\mswsock.dll
0x00007ffe9a040000 - 0x00007ffe9a052000 	C:\Program Files\Java\jdk-14.0.2\bin\nio.dll
0x00007ffe92330000 - 0x00007ffe9234a000 	C:\Program Files\JetBrains\IntelliJ IDEA Educational Edition 2020.2\bin\breakgen64.dll
0x00007ffeabfb0000 - 0x00007ffeabfe3000 	C:\WINDOWS\system32\rsaenh.dll
0x00007ffead770000 - 0x00007ffead796000 	C:\WINDOWS\System32\bcrypt.dll
0x00007ffeacb50000 - 0x00007ffeacb75000 	C:\WINDOWS\SYSTEM32\USERENV.dll
0x00007ffeac5a0000 - 0x00007ffeac5ac000 	C:\WINDOWS\SYSTEM32\CRYPTBASE.dll
0x00007ffeac140000 - 0x00007ffeac17a000 	C:\WINDOWS\SYSTEM32\IPHLPAPI.DLL
0x00007ffeaefc0000 - 0x00007ffeaefc8000 	C:\WINDOWS\System32\NSI.dll
0x00007ffea3760000 - 0x00007ffea3776000 	C:\WINDOWS\SYSTEM32\dhcpcsvc6.DLL
0x00007ffea36c0000 - 0x00007ffea36dc000 	C:\WINDOWS\SYSTEM32\dhcpcsvc.DLL
0x00007ffeac180000 - 0x00007ffeac24b000 	C:\WINDOWS\SYSTEM32\DNSAPI.dll
0x0000000067740000 - 0x0000000067818000 	C:\Users\zdzic\AppData\Local\Temp\sqlite-3.34.0-668b4e07-5e16-405e-9e2a-a9ad36ba2da7-sqlitejdbc.dll

dbghelp: loaded successfully - version: 4.0.5 - missing functions: none
symbol engine: initialized successfully - sym options: 0x614 - pdb path: .;C:\Program Files\Java\jdk-14.0.2\bin;C:\WINDOWS\SYSTEM32;C:\WINDOWS\WinSxS\amd64_microsoft.windows.common-controls_6595b64144ccf1df_6.0.18362.1316_none_9e7a364fe461dbd7;C:\Program Files\Java\jdk-14.0.2\bin\server;C:\Program Files\JetBrains\IntelliJ IDEA Educational Edition 2020.2\bin;C:\Users\zdzic\AppData\Local\Temp

VM Arguments:
jvm_args: -javaagent:C:\Program Files\JetBrains\IntelliJ IDEA Educational Edition 2020.2\lib\idea_rt.jar=62694:C:\Program Files\JetBrains\IntelliJ IDEA Educational Edition 2020.2\bin -Dfile.encoding=UTF-8 
java_command: Lab9.Main
java_class_path (initial): E:\Projekty JAVA intelij\Laboratorium 9_2\out\production\Laboratorium 9_2;D:\Program Files (x86)\sqlite-tools-win32-x86-3340000\sqlite-jdbc-3.34.0.jar;E:\Projekty JAVA intelij\Laboratorium 9_2\lib\sqlite-1.0.jar;E:\Projekty JAVA intelij\Laboratorium 9_2\lib\greendao-generator-1.3.0.jar;E:\Projekty JAVA intelij\Laboratorium 9_2\lib\freemarker-2.3.19.jar;E:\Projekty JAVA intelij\Laboratorium 9_2\lib\ormlite-android-4.48.jar;E:\Projekty JAVA intelij\Laboratorium 9_2\lib\ormlite-core-4.48.jar;E:\Projekty JAVA intelij\Laboratorium 9_2\lib\greendao-1.3.7.jar;D:\Program Files (x86)\Java mail\android-all-11-robolectric-6757853.jar
Launcher Type: SUN_STANDARD

[Global flags]
     intx CICompilerCount                          = 4                                         {product} {ergonomic}
     uint ConcGCThreads                            = 2                                         {product} {ergonomic}
     uint G1ConcRefinementThreads                  = 8                                         {product} {ergonomic}
   size_t G1HeapRegionSize                         = 1048576                                   {product} {ergonomic}
    uintx GCDrainStackTargetSize                   = 64                                        {product} {ergonomic}
   size_t InitialHeapSize                          = 268435456                                 {product} {ergonomic}
   size_t MarkStackSize                            = 4194304                                   {product} {ergonomic}
   size_t MaxHeapSize                              = 4263510016                                {product} {ergonomic}
   size_t MaxNewSize                               = 2557476864                                {product} {ergonomic}
   size_t MinHeapDeltaBytes                        = 1048576                                   {product} {ergonomic}
   size_t MinHeapSize                              = 8388608                                   {product} {ergonomic}
    uintx NonNMethodCodeHeapSize                   = 5839372                                {pd product} {ergonomic}
    uintx NonProfiledCodeHeapSize                  = 122909434                              {pd product} {ergonomic}
    uintx ProfiledCodeHeapSize                     = 122909434                              {pd product} {ergonomic}
    uintx ReservedCodeCacheSize                    = 251658240                              {pd product} {ergonomic}
     bool SegmentedCodeCache                       = true                                      {product} {ergonomic}
   size_t SoftMaxHeapSize                          = 4263510016                             {manageable} {ergonomic}
     bool UseCompressedClassPointers               = true                                 {lp64_product} {ergonomic}
     bool UseCompressedOops                        = true                                 {lp64_product} {ergonomic}
     bool UseG1GC                                  = true                                      {product} {ergonomic}
     bool UseLargePagesIndividualAllocation        = false                                  {pd product} {ergonomic}

Logging:
Log output configuration:
 #0: stdout all=warning uptime,level,tags
 #1: stderr all=off uptime,level,tags

Environment Variables:
PATH=C:\Program Files\Common Files\Oracle\Java\javapath;C:\Program Files (x86)\Common Files\Oracle\Java\javapath;C:\Windows\system32;C:\Windows;C:\Windows\System32\Wbem;C:\Windows\System32\WindowsPowerShell\v1.0\;C:\Windows\System32\OpenSSH\;C:\Program Files (x86)\NVIDIA Corporation\PhysX\Common;C:\Program Files\NVIDIA Corporation\NVIDIA NvDLISR;C:\WINDOWS\system32;C:\WINDOWS;C:\WINDOWS\System32\Wbem;C:\WINDOWS\System32\WindowsPowerShell\v1.0\;C:\WINDOWS\System32\OpenSSH\;C:\Program Files\Microsoft SQL Server\130\Tools\Binn\;C:\Program Files (x86)\Intel\Intel(R) Management Engine Components\DAL;C:\Program Files\Intel\Intel(R) Management Engine Components\DAL;e:\Aldec\Active-HDL-Student-Edition\bin;C:\Program Files\Common Files\Autodesk Shared\;C:\Program Files\Microsoft SQL Server\120\Tools\Binn\;D:\Program Files (x86)\Aldec\bin;C:\Users\zdzic\AppData\Local\Microsoft\WindowsApps;C:\Program Files\JetBrains\CLion 2019.3.4\bin;C:\Users\zdzic\AppData\Local\atom\bin;C:\Users\zdzic\AppData\Local\GitHubDesktop\bin;D:\Program Files (x86)\sqlite-tools-win32-x86-3340000;C:\Program Files\Java\jdk-15.0.1;
USERNAME=zdzich
OS=Windows_NT
PROCESSOR_IDENTIFIER=Intel64 Family 6 Model 142 Stepping 11, GenuineIntel



---------------  S Y S T E M  ---------------

OS: Windows 10 , 64 bit Build 18362 (10.0.18362.1316)
OS uptime: 0 days 22:33 hours
HyperV virtualization detected

CPU:total 8 (initial active 8) (4 cores per cpu, 2 threads per core) family 6 model 142 stepping 11, cmov, cx8, fxsr, mmx, sse, sse2, sse3, ssse3, sse4.1, sse4.2, popcnt, avx, avx2, aes, clmul, erms, 3dnowpref, lzcnt, ht, tsc, tscinvbit, bmi1, bmi2, adx, fma

Memory: 4k page, system-wide physical 16256M (8815M free)
TotalPageFile size 20954M (AvailPageFile size 11467M)
current process WorkingSet (physical memory assigned to process): 56M, peak: 70M
current process commit charge ("private bytes"): 354M, peak: 369M

vm_info: Java HotSpot(TM) 64-Bit Server VM (14.0.2+12-46) for windows-amd64 JRE (14.0.2+12-46), built on Jul  9 2020 00:35:52 by "mach5one" with MS VC++ 15.9 (VS2017)

END.
