#
# A fatal error has been detected by the Java Runtime Environment:
#
#  EXCEPTION_ACCESS_VIOLATION (0xc0000005) at pc=0x00000000677ae455, pid=14492, tid=16284
#
# JRE version: Java(TM) SE Runtime Environment (14.0.2+12) (build 14.0.2+12-46)
# Java VM: Java HotSpot(TM) 64-Bit Server VM (14.0.2+12-46, mixed mode, sharing, tiered, compressed oops, g1 gc, windows-amd64)
# Problematic frame:
# C  [sqlite-3.34.0-46b802ed-c775-4b15-8206-0f59f3fbd215-sqlitejdbc.dll+0x6e455]
#
# No core dump will be written. Minidumps are not enabled by default on client versions of Windows
#
# If you would like to submit a bug report, please visit:
#   https://bugreport.java.com/bugreport/crash.jsp
# The crash happened outside the Java Virtual Machine in native code.
# See problematic frame for where to report the bug.
#

---------------  S U M M A R Y ------------

Command Line: -javaagent:C:\Program Files\JetBrains\IntelliJ IDEA Educational Edition 2020.2\lib\idea_rt.jar=62384:C:\Program Files\JetBrains\IntelliJ IDEA Educational Edition 2020.2\bin -Dfile.encoding=UTF-8 Lab9.Main

Host: Intel(R) Core(TM) i5-8265U CPU @ 1.60GHz, 8 cores, 15G,  Windows 10 , 64 bit Build 18362 (10.0.18362.1316)
Time: Sun Jan 17 16:09:39 2021 ?rodkowoeuropejski czas stand. elapsed time: 0 seconds (0d 0h 0m 0s)

---------------  T H R E A D  ---------------

Current thread (0x0000021679eba800):  JavaThread "Thread-0" [_thread_in_native, id=16284, stack(0x000000348fb00000,0x000000348fc00000)]

Stack: [0x000000348fb00000,0x000000348fc00000],  sp=0x000000348fbfec10,  free space=1019k
Native frames: (J=compiled Java code, j=interpreted, Vv=VM code, C=native code)
C  [sqlite-3.34.0-46b802ed-c775-4b15-8206-0f59f3fbd215-sqlitejdbc.dll+0x6e455]

Java frames: (J=compiled Java code, j=interpreted, Vv=VM code)
J 839  org.sqlite.core.NativeDB.step(J)I (0 bytes) @ 0x000002166587fc8b [0x000002166587fc40+0x000000000000004b]
J 838 c1 org.sqlite.jdbc3.JDBC3ResultSet.next()Z (132 bytes) @ 0x000002165e4515c4 [0x000002165e451140+0x0000000000000484]
j  Lab9.OdczytZbazy.odczyt()V+34
j  Lab9.OdczytZbazy.run()V+1
j  java.lang.Thread.run()V+11 java.base@14.0.2
v  ~StubRoutines::call_stub

siginfo: EXCEPTION_ACCESS_VIOLATION (0xc0000005), reading address 0x000002167bbc28d8


Register to memory mapping:

RIP=0x00000000677ae455 sqlite-3.34.0-46b802ed-c775-4b15-8206-0f59f3fbd215-sqlitejdbc.dll
RAX=0x0000021679004018 points into unknown readable memory: c9 cf 95 c7 00 08 00 90
RBX=0x000002167bbc28d8 is an unknown value
RCX=0x000002167bbc28d8 is an unknown value
RDX=0x00000000677ecfd9 sqlite-3.34.0-46b802ed-c775-4b15-8206-0f59f3fbd215-sqlitejdbc.dll
RSP=0x000000348fbfec10 is pointing into the stack for thread: 0x0000021679eba800
RBP=0x000000348fbfed70 is pointing into the stack for thread: 0x0000021679eba800
RSI=0x000000071161fbc0 is an oop: org.sqlite.core.NativeDB 
{0x000000071161fbc0} - klass: 'org/sqlite/core/NativeDB'
RDI=0x000002167bbc28d8 is an unknown value
R8 =0x000002167bbc28d8 is an unknown value
R9 =0x0000000000000001 is an unknown value
R10=0x00000000677428a3 sqlite-3.34.0-46b802ed-c775-4b15-8206-0f59f3fbd215-sqlitejdbc.dll
R11=0x000000348fbfea60 is pointing into the stack for thread: 0x0000021679eba800
R12=0x0 is NULL
R13=0x000000348fbfed60 is pointing into the stack for thread: 0x0000021679eba800
R14=0x000000348fbfed30 is pointing into the stack for thread: 0x0000021679eba800
R15=0x0000021679eba800 is a thread


Registers:
RAX=0x0000021679004018, RBX=0x000002167bbc28d8, RCX=0x000002167bbc28d8, RDX=0x00000000677ecfd9
RSP=0x000000348fbfec10, RBP=0x000000348fbfed70, RSI=0x000000071161fbc0, RDI=0x000002167bbc28d8
R8 =0x000002167bbc28d8, R9 =0x0000000000000001, R10=0x00000000677428a3, R11=0x000000348fbfea60
R12=0x0000000000000000, R13=0x000000348fbfed60, R14=0x000000348fbfed30, R15=0x0000021679eba800
RIP=0x00000000677ae455, EFLAGS=0x0000000000010206

Top of Stack: (sp=0x000000348fbfec10)
0x000000348fbfec10:   0000000000000000 0000000000000000
0x000000348fbfec20:   0000003400000001 00007ffe834e0b60
0x000000348fbfec30:   00009ef2dfbb5098 0000021679eba800
0x000000348fbfec40:   000000348fbfed60 000000348fbfed60
0x000000348fbfec50:   0000000000000000 000000348fbfed60
0x000000348fbfec60:   000000348fcff1e0 0000021679eba800
0x000000348fbfec70:   0000021679003f48 00007ffe831662ae
0x000000348fbfec80:   0000021679003f00 0000021600000005
0x000000348fbfec90:   0000021600000002 0000021679ea45d0
0x000000348fbfeca0:   000000348fbfed30 00007ffe830fd150
0x000000348fbfecb0:   0000021679eba800 000000071161fbc0
0x000000348fbfecc0:   000002167bbc28d8 000000071161fbc0
0x000000348fbfecd0:   000000071161fbc0 000002167bbc28d8
0x000000348fbfece0:   000000348fbfed70 0000000000000000
0x000000348fbfecf0:   000000348fbfed60 000000348fbfed30
0x000000348fbfed00:   0000021679eba800 000002166587fe25 

Instructions: (pc=0x00000000677ae455)
0x00000000677ae355:   ef 48 39 d0 0f 8f b7 f9 ff ff 49 89 d0 e9 ac f9
0x00000000677ae365:   ff ff bd 07 00 00 00 e9 69 fa ff ff 48 63 ce e8
0x00000000677ae375:   a4 6c fa ff 48 85 c0 74 e9 49 8b 55 38 48 89 50
0x00000000677ae385:   08 e9 e6 f9 ff ff 31 ed e9 6e ff ff ff 48 63 4b
0x00000000677ae395:   0c 48 89 f2 48 6b c9 38 48 03 4c 24 30 e8 22 eb
0x00000000677ae3a5:   f9 ff e9 e0 97 ff ff 48 8b 56 10 4c 89 f9 31 ed
0x00000000677ae3b5:   48 83 c2 10 e8 49 ae fa ff e9 d0 f9 ff ff 48 85
0x00000000677ae3c5:   f6 bd 06 00 00 00 0f 85 c6 f0 ff ff e9 04 fa ff
0x00000000677ae3d5:   ff 41 c6 45 02 01 e9 05 99 ff ff 41 c6 45 02 00
0x00000000677ae3e5:   e9 a9 f9 ff ff 48 8b 56 10 4c 89 f9 89 c5 48 83
0x00000000677ae3f5:   c2 10 e8 0b ae fa ff e9 d9 f9 ff ff 8b 44 24 60
0x00000000677ae405:   41 01 87 e4 00 00 00 4c 89 f9 e8 f1 fd f9 ff 90
0x00000000677ae415:   0f 28 b4 24 b0 01 00 00 89 f0 48 81 c4 c8 01 00
0x00000000677ae425:   00 5b 5e 5f 5d 41 5c 41 5d 41 5e 41 5f c3 41 57
0x00000000677ae435:   41 56 41 55 41 54 55 57 56 53 48 81 ec b8 00 00
0x00000000677ae445:   00 48 8d 15 8c eb 03 00 48 85 c9 48 89 cb 74 0f
0x00000000677ae455:   4c 8b 31 4d 85 f6 75 20 48 8d 15 9d eb 03 00 b9
0x00000000677ae465:   15 00 00 00 e8 2c 62 fb ff b9 1a 48 01 00 e8 6c
0x00000000677ae475:   86 fb ff e9 fb 09 00 00 49 8b 4e 18 48 8d ac 24
0x00000000677ae485:   90 00 00 00 e8 63 58 f9 ff 48 8d 83 b8 00 00 00
0x00000000677ae495:   c6 83 c5 00 00 00 00 c7 44 24 74 33 00 00 00 48
0x00000000677ae4a5:   89 44 24 78 81 7b 24 a3 0d f2 2d 74 08 48 89 d9
0x00000000677ae4b5:   e8 00 9c fe ff 48 8b 33 80 7e 61 00 74 11 c7 43
0x00000000677ae4c5:   38 07 00 00 00 bf 07 00 00 00 e9 81 09 00 00 83
0x00000000677ae4d5:   7b 34 00 0f 89 95 00 00 00 f6 83 c8 00 00 00 03
0x00000000677ae4e5:   74 28 80 bb c4 00 00 00 00 c7 43 38 11 00 00 00
0x00000000677ae4f5:   bf 01 00 00 00 0f 89 43 08 00 00 48 89 d9 e8 e9
0x00000000677ae505:   a5 fa ff 89 c7 e9 34 08 00 00 83 be c8 00 00 00
0x00000000677ae515:   00 75 0a c7 86 70 01 00 00 00 00 00 00 f6 46 68
0x00000000677ae525:   82 74 20 80 be b5 00 00 00 00 75 17 48 83 bb f0
0x00000000677ae535:   00 00 00 00 74 0d 48 8b 54 24 78 48 8b 0e e8 f1
0x00000000677ae545:   e2 f9 ff ff 86 c8 00 00 00 80 bb c8 00 00 00 00 


Stack slot to memory mapping:
stack at sp + 0 slots: 0x0 is NULL
stack at sp + 1 slots: 0x0 is NULL
stack at sp + 2 slots: 0x0000003400000001 is an unknown value
stack at sp + 3 slots: 0x00007ffe834e0b60 jvm.dll
stack at sp + 4 slots: 0x00009ef2dfbb5098 is an unknown value
stack at sp + 5 slots: 0x0000021679eba800 is a thread
stack at sp + 6 slots: 0x000000348fbfed60 is pointing into the stack for thread: 0x0000021679eba800
stack at sp + 7 slots: 0x000000348fbfed60 is pointing into the stack for thread: 0x0000021679eba800


---------------  P R O C E S S  ---------------

Threads class SMR info:
_java_thread_list=0x000002167a5d1c90, length=13, elements={
0x0000021678fd9800, 0x0000021678fda800, 0x0000021678ff4800, 0x0000021678ff7800,
0x0000021678ff9800, 0x0000021679002800, 0x0000021679c35000, 0x0000021679009000,
0x0000021679c2a800, 0x0000021679df7800, 0x0000021679eae000, 0x0000021679eba800,
0x00000216555be000
}

Java Threads: ( => current thread )
  0x0000021678fd9800 JavaThread "Reference Handler" daemon [_thread_blocked, id=8568, stack(0x000000348ee00000,0x000000348ef00000)]
  0x0000021678fda800 JavaThread "Finalizer" daemon [_thread_blocked, id=17628, stack(0x000000348ef00000,0x000000348f000000)]
  0x0000021678ff4800 JavaThread "Signal Dispatcher" daemon [_thread_blocked, id=18024, stack(0x000000348f000000,0x000000348f100000)]
  0x0000021678ff7800 JavaThread "Attach Listener" daemon [_thread_blocked, id=10588, stack(0x000000348f100000,0x000000348f200000)]
  0x0000021678ff9800 JavaThread "Service Thread" daemon [_thread_blocked, id=9524, stack(0x000000348f200000,0x000000348f300000)]
  0x0000021679002800 JavaThread "C2 CompilerThread0" daemon [_thread_blocked, id=11992, stack(0x000000348f300000,0x000000348f400000)]
  0x0000021679c35000 JavaThread "C1 CompilerThread0" daemon [_thread_blocked, id=8188, stack(0x000000348f400000,0x000000348f500000)]
  0x0000021679009000 JavaThread "Sweeper thread" daemon [_thread_blocked, id=17484, stack(0x000000348f500000,0x000000348f600000)]
  0x0000021679c2a800 JavaThread "Common-Cleaner" daemon [_thread_blocked, id=3268, stack(0x000000348f600000,0x000000348f700000)]
  0x0000021679df7800 JavaThread "Monitor Ctrl-Break" daemon [_thread_in_native, id=15536, stack(0x000000348f800000,0x000000348f900000)]
  0x0000021679eae000 JavaThread "Notification Thread" daemon [_thread_blocked, id=16312, stack(0x000000348f900000,0x000000348fa00000)]
=>0x0000021679eba800 JavaThread "Thread-0" [_thread_in_native, id=16284, stack(0x000000348fb00000,0x000000348fc00000)]
  0x00000216555be000 JavaThread "DestroyJavaVM" [_thread_blocked, id=13348, stack(0x000000348e700000,0x000000348e800000)]

Other Threads:
  0x0000021678fd1800 VMThread "VM Thread" [stack: 0x000000348ed00000,0x000000348ee00000] [id=12708]
  0x0000021679eb1800 WatcherThread [stack: 0x000000348fa00000,0x000000348fb00000] [id=13476]
  0x0000021655627000 GCTaskThread "GC Thread#0" [stack: 0x000000348e800000,0x000000348e900000] [id=13956]
  0x0000021655648000 ConcurrentGCThread "G1 Main Marker" [stack: 0x000000348e900000,0x000000348ea00000] [id=17712]
  0x0000021655649800 ConcurrentGCThread "G1 Conc#0" [stack: 0x000000348ea00000,0x000000348eb00000] [id=764]
  0x0000021678f1c000 ConcurrentGCThread "G1 Refine#0" [stack: 0x000000348eb00000,0x000000348ec00000] [id=2440]
  0x0000021678f1d000 ConcurrentGCThread "G1 Young RemSet Sampling" [stack: 0x000000348ec00000,0x000000348ed00000] [id=14296]

Threads with active compile tasks:

VM state:not at safepoint (normal execution)

VM Mutex/Monitor currently owned by a thread: None

Heap address: 0x0000000701e00000, size: 4066 MB, Compressed Oops mode: Zero based, Oop shift amount: 3
Narrow klass base: 0x0000000800000000, Narrow klass shift: 3
Compressed class space size: 1073741824 Address: 0x0000000800b30000

Heap:
 garbage-first heap   total 262144K, used 17408K [0x0000000701e00000, 0x0000000800000000)
  region size 1024K, 11 young (11264K), 0 survivors (0K)
 Metaspace       used 3131K, capacity 5777K, committed 6016K, reserved 1056768K
  class space    used 335K, capacity 640K, committed 640K, reserved 1048576K
Heap Regions: E=young(eden), S=young(survivor), O=old, HS=humongous(starts), HC=humongous(continues), CS=collection set, F=free, OA=open archive, CA=closed archive, TAMS=top-at-mark-start (previous, next)
|   0|0x0000000701e00000, 0x0000000701f00000, 0x0000000701f00000|100%|HS|  |TAMS 0x0000000701e00000, 0x0000000701e00000| Complete 
|   1|0x0000000701f00000, 0x0000000702000000, 0x0000000702000000|100%|HC|  |TAMS 0x0000000701f00000, 0x0000000701f00000| Complete 
|   2|0x0000000702000000, 0x0000000702100000, 0x0000000702100000|100%|HC|  |TAMS 0x0000000702000000, 0x0000000702000000| Complete 
|   3|0x0000000702100000, 0x0000000702200000, 0x0000000702200000|100%|HC|  |TAMS 0x0000000702100000, 0x0000000702100000| Complete 
|   4|0x0000000702200000, 0x0000000702300000, 0x0000000702300000|100%|HC|  |TAMS 0x0000000702200000, 0x0000000702200000| Complete 
|   5|0x0000000702300000, 0x0000000702400000, 0x0000000702400000|100%|HC|  |TAMS 0x0000000702300000, 0x0000000702300000| Complete 
|   6|0x0000000702400000, 0x0000000702500000, 0x0000000702500000|100%|HS|  |TAMS 0x0000000702400000, 0x0000000702400000| Complete 
|   7|0x0000000702500000, 0x0000000702500000, 0x0000000702600000|  0%| F|  |TAMS 0x0000000702500000, 0x0000000702500000| Untracked 
|   8|0x0000000702600000, 0x0000000702600000, 0x0000000702700000|  0%| F|  |TAMS 0x0000000702600000, 0x0000000702600000| Untracked 
|   9|0x0000000702700000, 0x0000000702700000, 0x0000000702800000|  0%| F|  |TAMS 0x0000000702700000, 0x0000000702700000| Untracked 
|  10|0x0000000702800000, 0x0000000702800000, 0x0000000702900000|  0%| F|  |TAMS 0x0000000702800000, 0x0000000702800000| Untracked 
|  11|0x0000000702900000, 0x0000000702900000, 0x0000000702a00000|  0%| F|  |TAMS 0x0000000702900000, 0x0000000702900000| Untracked 
|  12|0x0000000702a00000, 0x0000000702a00000, 0x0000000702b00000|  0%| F|  |TAMS 0x0000000702a00000, 0x0000000702a00000| Untracked 
|  13|0x0000000702b00000, 0x0000000702b00000, 0x0000000702c00000|  0%| F|  |TAMS 0x0000000702b00000, 0x0000000702b00000| Untracked 
|  14|0x0000000702c00000, 0x0000000702c00000, 0x0000000702d00000|  0%| F|  |TAMS 0x0000000702c00000, 0x0000000702c00000| Untracked 
|  15|0x0000000702d00000, 0x0000000702d00000, 0x0000000702e00000|  0%| F|  |TAMS 0x0000000702d00000, 0x0000000702d00000| Untracked 
|  16|0x0000000702e00000, 0x0000000702e00000, 0x0000000702f00000|  0%| F|  |TAMS 0x0000000702e00000, 0x0000000702e00000| Untracked 
|  17|0x0000000702f00000, 0x0000000702f00000, 0x0000000703000000|  0%| F|  |TAMS 0x0000000702f00000, 0x0000000702f00000| Untracked 
|  18|0x0000000703000000, 0x0000000703000000, 0x0000000703100000|  0%| F|  |TAMS 0x0000000703000000, 0x0000000703000000| Untracked 
|  19|0x0000000703100000, 0x0000000703100000, 0x0000000703200000|  0%| F|  |TAMS 0x0000000703100000, 0x0000000703100000| Untracked 
|  20|0x0000000703200000, 0x0000000703200000, 0x0000000703300000|  0%| F|  |TAMS 0x0000000703200000, 0x0000000703200000| Untracked 
|  21|0x0000000703300000, 0x0000000703300000, 0x0000000703400000|  0%| F|  |TAMS 0x0000000703300000, 0x0000000703300000| Untracked 
|  22|0x0000000703400000, 0x0000000703400000, 0x0000000703500000|  0%| F|  |TAMS 0x0000000703400000, 0x0000000703400000| Untracked 
|  23|0x0000000703500000, 0x0000000703500000, 0x0000000703600000|  0%| F|  |TAMS 0x0000000703500000, 0x0000000703500000| Untracked 
|  24|0x0000000703600000, 0x0000000703600000, 0x0000000703700000|  0%| F|  |TAMS 0x0000000703600000, 0x0000000703600000| Untracked 
|  25|0x0000000703700000, 0x0000000703700000, 0x0000000703800000|  0%| F|  |TAMS 0x0000000703700000, 0x0000000703700000| Untracked 
|  26|0x0000000703800000, 0x0000000703800000, 0x0000000703900000|  0%| F|  |TAMS 0x0000000703800000, 0x0000000703800000| Untracked 
|  27|0x0000000703900000, 0x0000000703900000, 0x0000000703a00000|  0%| F|  |TAMS 0x0000000703900000, 0x0000000703900000| Untracked 
|  28|0x0000000703a00000, 0x0000000703a00000, 0x0000000703b00000|  0%| F|  |TAMS 0x0000000703a00000, 0x0000000703a00000| Untracked 
|  29|0x0000000703b00000, 0x0000000703b00000, 0x0000000703c00000|  0%| F|  |TAMS 0x0000000703b00000, 0x0000000703b00000| Untracked 
|  30|0x0000000703c00000, 0x0000000703c00000, 0x0000000703d00000|  0%| F|  |TAMS 0x0000000703c00000, 0x0000000703c00000| Untracked 
|  31|0x0000000703d00000, 0x0000000703d00000, 0x0000000703e00000|  0%| F|  |TAMS 0x0000000703d00000, 0x0000000703d00000| Untracked 
|  32|0x0000000703e00000, 0x0000000703e00000, 0x0000000703f00000|  0%| F|  |TAMS 0x0000000703e00000, 0x0000000703e00000| Untracked 
|  33|0x0000000703f00000, 0x0000000703f00000, 0x0000000704000000|  0%| F|  |TAMS 0x0000000703f00000, 0x0000000703f00000| Untracked 
|  34|0x0000000704000000, 0x0000000704000000, 0x0000000704100000|  0%| F|  |TAMS 0x0000000704000000, 0x0000000704000000| Untracked 
|  35|0x0000000704100000, 0x0000000704100000, 0x0000000704200000|  0%| F|  |TAMS 0x0000000704100000, 0x0000000704100000| Untracked 
|  36|0x0000000704200000, 0x0000000704200000, 0x0000000704300000|  0%| F|  |TAMS 0x0000000704200000, 0x0000000704200000| Untracked 
|  37|0x0000000704300000, 0x0000000704300000, 0x0000000704400000|  0%| F|  |TAMS 0x0000000704300000, 0x0000000704300000| Untracked 
|  38|0x0000000704400000, 0x0000000704400000, 0x0000000704500000|  0%| F|  |TAMS 0x0000000704400000, 0x0000000704400000| Untracked 
|  39|0x0000000704500000, 0x0000000704500000, 0x0000000704600000|  0%| F|  |TAMS 0x0000000704500000, 0x0000000704500000| Untracked 
|  40|0x0000000704600000, 0x0000000704600000, 0x0000000704700000|  0%| F|  |TAMS 0x0000000704600000, 0x0000000704600000| Untracked 
|  41|0x0000000704700000, 0x0000000704700000, 0x0000000704800000|  0%| F|  |TAMS 0x0000000704700000, 0x0000000704700000| Untracked 
|  42|0x0000000704800000, 0x0000000704800000, 0x0000000704900000|  0%| F|  |TAMS 0x0000000704800000, 0x0000000704800000| Untracked 
|  43|0x0000000704900000, 0x0000000704900000, 0x0000000704a00000|  0%| F|  |TAMS 0x0000000704900000, 0x0000000704900000| Untracked 
|  44|0x0000000704a00000, 0x0000000704a00000, 0x0000000704b00000|  0%| F|  |TAMS 0x0000000704a00000, 0x0000000704a00000| Untracked 
|  45|0x0000000704b00000, 0x0000000704b00000, 0x0000000704c00000|  0%| F|  |TAMS 0x0000000704b00000, 0x0000000704b00000| Untracked 
|  46|0x0000000704c00000, 0x0000000704c00000, 0x0000000704d00000|  0%| F|  |TAMS 0x0000000704c00000, 0x0000000704c00000| Untracked 
|  47|0x0000000704d00000, 0x0000000704d00000, 0x0000000704e00000|  0%| F|  |TAMS 0x0000000704d00000, 0x0000000704d00000| Untracked 
|  48|0x0000000704e00000, 0x0000000704e00000, 0x0000000704f00000|  0%| F|  |TAMS 0x0000000704e00000, 0x0000000704e00000| Untracked 
|  49|0x0000000704f00000, 0x0000000704f00000, 0x0000000705000000|  0%| F|  |TAMS 0x0000000704f00000, 0x0000000704f00000| Untracked 
|  50|0x0000000705000000, 0x0000000705000000, 0x0000000705100000|  0%| F|  |TAMS 0x0000000705000000, 0x0000000705000000| Untracked 
|  51|0x0000000705100000, 0x0000000705100000, 0x0000000705200000|  0%| F|  |TAMS 0x0000000705100000, 0x0000000705100000| Untracked 
|  52|0x0000000705200000, 0x0000000705200000, 0x0000000705300000|  0%| F|  |TAMS 0x0000000705200000, 0x0000000705200000| Untracked 
|  53|0x0000000705300000, 0x0000000705300000, 0x0000000705400000|  0%| F|  |TAMS 0x0000000705300000, 0x0000000705300000| Untracked 
|  54|0x0000000705400000, 0x0000000705400000, 0x0000000705500000|  0%| F|  |TAMS 0x0000000705400000, 0x0000000705400000| Untracked 
|  55|0x0000000705500000, 0x0000000705500000, 0x0000000705600000|  0%| F|  |TAMS 0x0000000705500000, 0x0000000705500000| Untracked 
|  56|0x0000000705600000, 0x0000000705600000, 0x0000000705700000|  0%| F|  |TAMS 0x0000000705600000, 0x0000000705600000| Untracked 
|  57|0x0000000705700000, 0x0000000705700000, 0x0000000705800000|  0%| F|  |TAMS 0x0000000705700000, 0x0000000705700000| Untracked 
|  58|0x0000000705800000, 0x0000000705800000, 0x0000000705900000|  0%| F|  |TAMS 0x0000000705800000, 0x0000000705800000| Untracked 
|  59|0x0000000705900000, 0x0000000705900000, 0x0000000705a00000|  0%| F|  |TAMS 0x0000000705900000, 0x0000000705900000| Untracked 
|  60|0x0000000705a00000, 0x0000000705a00000, 0x0000000705b00000|  0%| F|  |TAMS 0x0000000705a00000, 0x0000000705a00000| Untracked 
|  61|0x0000000705b00000, 0x0000000705b00000, 0x0000000705c00000|  0%| F|  |TAMS 0x0000000705b00000, 0x0000000705b00000| Untracked 
|  62|0x0000000705c00000, 0x0000000705c00000, 0x0000000705d00000|  0%| F|  |TAMS 0x0000000705c00000, 0x0000000705c00000| Untracked 
|  63|0x0000000705d00000, 0x0000000705d00000, 0x0000000705e00000|  0%| F|  |TAMS 0x0000000705d00000, 0x0000000705d00000| Untracked 
|  64|0x0000000705e00000, 0x0000000705e00000, 0x0000000705f00000|  0%| F|  |TAMS 0x0000000705e00000, 0x0000000705e00000| Untracked 
|  65|0x0000000705f00000, 0x0000000705f00000, 0x0000000706000000|  0%| F|  |TAMS 0x0000000705f00000, 0x0000000705f00000| Untracked 
|  66|0x0000000706000000, 0x0000000706000000, 0x0000000706100000|  0%| F|  |TAMS 0x0000000706000000, 0x0000000706000000| Untracked 
|  67|0x0000000706100000, 0x0000000706100000, 0x0000000706200000|  0%| F|  |TAMS 0x0000000706100000, 0x0000000706100000| Untracked 
|  68|0x0000000706200000, 0x0000000706200000, 0x0000000706300000|  0%| F|  |TAMS 0x0000000706200000, 0x0000000706200000| Untracked 
|  69|0x0000000706300000, 0x0000000706300000, 0x0000000706400000|  0%| F|  |TAMS 0x0000000706300000, 0x0000000706300000| Untracked 
|  70|0x0000000706400000, 0x0000000706400000, 0x0000000706500000|  0%| F|  |TAMS 0x0000000706400000, 0x0000000706400000| Untracked 
|  71|0x0000000706500000, 0x0000000706500000, 0x0000000706600000|  0%| F|  |TAMS 0x0000000706500000, 0x0000000706500000| Untracked 
|  72|0x0000000706600000, 0x0000000706600000, 0x0000000706700000|  0%| F|  |TAMS 0x0000000706600000, 0x0000000706600000| Untracked 
|  73|0x0000000706700000, 0x0000000706700000, 0x0000000706800000|  0%| F|  |TAMS 0x0000000706700000, 0x0000000706700000| Untracked 
|  74|0x0000000706800000, 0x0000000706800000, 0x0000000706900000|  0%| F|  |TAMS 0x0000000706800000, 0x0000000706800000| Untracked 
|  75|0x0000000706900000, 0x0000000706900000, 0x0000000706a00000|  0%| F|  |TAMS 0x0000000706900000, 0x0000000706900000| Untracked 
|  76|0x0000000706a00000, 0x0000000706a00000, 0x0000000706b00000|  0%| F|  |TAMS 0x0000000706a00000, 0x0000000706a00000| Untracked 
|  77|0x0000000706b00000, 0x0000000706b00000, 0x0000000706c00000|  0%| F|  |TAMS 0x0000000706b00000, 0x0000000706b00000| Untracked 
|  78|0x0000000706c00000, 0x0000000706c00000, 0x0000000706d00000|  0%| F|  |TAMS 0x0000000706c00000, 0x0000000706c00000| Untracked 
|  79|0x0000000706d00000, 0x0000000706d00000, 0x0000000706e00000|  0%| F|  |TAMS 0x0000000706d00000, 0x0000000706d00000| Untracked 
|  80|0x0000000706e00000, 0x0000000706e00000, 0x0000000706f00000|  0%| F|  |TAMS 0x0000000706e00000, 0x0000000706e00000| Untracked 
|  81|0x0000000706f00000, 0x0000000706f00000, 0x0000000707000000|  0%| F|  |TAMS 0x0000000706f00000, 0x0000000706f00000| Untracked 
|  82|0x0000000707000000, 0x0000000707000000, 0x0000000707100000|  0%| F|  |TAMS 0x0000000707000000, 0x0000000707000000| Untracked 
|  83|0x0000000707100000, 0x0000000707100000, 0x0000000707200000|  0%| F|  |TAMS 0x0000000707100000, 0x0000000707100000| Untracked 
|  84|0x0000000707200000, 0x0000000707200000, 0x0000000707300000|  0%| F|  |TAMS 0x0000000707200000, 0x0000000707200000| Untracked 
|  85|0x0000000707300000, 0x0000000707300000, 0x0000000707400000|  0%| F|  |TAMS 0x0000000707300000, 0x0000000707300000| Untracked 
|  86|0x0000000707400000, 0x0000000707400000, 0x0000000707500000|  0%| F|  |TAMS 0x0000000707400000, 0x0000000707400000| Untracked 
|  87|0x0000000707500000, 0x0000000707500000, 0x0000000707600000|  0%| F|  |TAMS 0x0000000707500000, 0x0000000707500000| Untracked 
|  88|0x0000000707600000, 0x0000000707600000, 0x0000000707700000|  0%| F|  |TAMS 0x0000000707600000, 0x0000000707600000| Untracked 
|  89|0x0000000707700000, 0x0000000707700000, 0x0000000707800000|  0%| F|  |TAMS 0x0000000707700000, 0x0000000707700000| Untracked 
|  90|0x0000000707800000, 0x0000000707800000, 0x0000000707900000|  0%| F|  |TAMS 0x0000000707800000, 0x0000000707800000| Untracked 
|  91|0x0000000707900000, 0x0000000707900000, 0x0000000707a00000|  0%| F|  |TAMS 0x0000000707900000, 0x0000000707900000| Untracked 
|  92|0x0000000707a00000, 0x0000000707a00000, 0x0000000707b00000|  0%| F|  |TAMS 0x0000000707a00000, 0x0000000707a00000| Untracked 
|  93|0x0000000707b00000, 0x0000000707b00000, 0x0000000707c00000|  0%| F|  |TAMS 0x0000000707b00000, 0x0000000707b00000| Untracked 
|  94|0x0000000707c00000, 0x0000000707c00000, 0x0000000707d00000|  0%| F|  |TAMS 0x0000000707c00000, 0x0000000707c00000| Untracked 
|  95|0x0000000707d00000, 0x0000000707d00000, 0x0000000707e00000|  0%| F|  |TAMS 0x0000000707d00000, 0x0000000707d00000| Untracked 
|  96|0x0000000707e00000, 0x0000000707e00000, 0x0000000707f00000|  0%| F|  |TAMS 0x0000000707e00000, 0x0000000707e00000| Untracked 
|  97|0x0000000707f00000, 0x0000000707f00000, 0x0000000708000000|  0%| F|  |TAMS 0x0000000707f00000, 0x0000000707f00000| Untracked 
|  98|0x0000000708000000, 0x0000000708000000, 0x0000000708100000|  0%| F|  |TAMS 0x0000000708000000, 0x0000000708000000| Untracked 
|  99|0x0000000708100000, 0x0000000708100000, 0x0000000708200000|  0%| F|  |TAMS 0x0000000708100000, 0x0000000708100000| Untracked 
| 100|0x0000000708200000, 0x0000000708200000, 0x0000000708300000|  0%| F|  |TAMS 0x0000000708200000, 0x0000000708200000| Untracked 
| 101|0x0000000708300000, 0x0000000708300000, 0x0000000708400000|  0%| F|  |TAMS 0x0000000708300000, 0x0000000708300000| Untracked 
| 102|0x0000000708400000, 0x0000000708400000, 0x0000000708500000|  0%| F|  |TAMS 0x0000000708400000, 0x0000000708400000| Untracked 
| 103|0x0000000708500000, 0x0000000708500000, 0x0000000708600000|  0%| F|  |TAMS 0x0000000708500000, 0x0000000708500000| Untracked 
| 104|0x0000000708600000, 0x0000000708600000, 0x0000000708700000|  0%| F|  |TAMS 0x0000000708600000, 0x0000000708600000| Untracked 
| 105|0x0000000708700000, 0x0000000708700000, 0x0000000708800000|  0%| F|  |TAMS 0x0000000708700000, 0x0000000708700000| Untracked 
| 106|0x0000000708800000, 0x0000000708800000, 0x0000000708900000|  0%| F|  |TAMS 0x0000000708800000, 0x0000000708800000| Untracked 
| 107|0x0000000708900000, 0x0000000708900000, 0x0000000708a00000|  0%| F|  |TAMS 0x0000000708900000, 0x0000000708900000| Untracked 
| 108|0x0000000708a00000, 0x0000000708a00000, 0x0000000708b00000|  0%| F|  |TAMS 0x0000000708a00000, 0x0000000708a00000| Untracked 
| 109|0x0000000708b00000, 0x0000000708b00000, 0x0000000708c00000|  0%| F|  |TAMS 0x0000000708b00000, 0x0000000708b00000| Untracked 
| 110|0x0000000708c00000, 0x0000000708c00000, 0x0000000708d00000|  0%| F|  |TAMS 0x0000000708c00000, 0x0000000708c00000| Untracked 
| 111|0x0000000708d00000, 0x0000000708d00000, 0x0000000708e00000|  0%| F|  |TAMS 0x0000000708d00000, 0x0000000708d00000| Untracked 
| 112|0x0000000708e00000, 0x0000000708e00000, 0x0000000708f00000|  0%| F|  |TAMS 0x0000000708e00000, 0x0000000708e00000| Untracked 
| 113|0x0000000708f00000, 0x0000000708f00000, 0x0000000709000000|  0%| F|  |TAMS 0x0000000708f00000, 0x0000000708f00000| Untracked 
| 114|0x0000000709000000, 0x0000000709000000, 0x0000000709100000|  0%| F|  |TAMS 0x0000000709000000, 0x0000000709000000| Untracked 
| 115|0x0000000709100000, 0x0000000709100000, 0x0000000709200000|  0%| F|  |TAMS 0x0000000709100000, 0x0000000709100000| Untracked 
| 116|0x0000000709200000, 0x0000000709200000, 0x0000000709300000|  0%| F|  |TAMS 0x0000000709200000, 0x0000000709200000| Untracked 
| 117|0x0000000709300000, 0x0000000709300000, 0x0000000709400000|  0%| F|  |TAMS 0x0000000709300000, 0x0000000709300000| Untracked 
| 118|0x0000000709400000, 0x0000000709400000, 0x0000000709500000|  0%| F|  |TAMS 0x0000000709400000, 0x0000000709400000| Untracked 
| 119|0x0000000709500000, 0x0000000709500000, 0x0000000709600000|  0%| F|  |TAMS 0x0000000709500000, 0x0000000709500000| Untracked 
| 120|0x0000000709600000, 0x0000000709600000, 0x0000000709700000|  0%| F|  |TAMS 0x0000000709600000, 0x0000000709600000| Untracked 
| 121|0x0000000709700000, 0x0000000709700000, 0x0000000709800000|  0%| F|  |TAMS 0x0000000709700000, 0x0000000709700000| Untracked 
| 122|0x0000000709800000, 0x0000000709800000, 0x0000000709900000|  0%| F|  |TAMS 0x0000000709800000, 0x0000000709800000| Untracked 
| 123|0x0000000709900000, 0x0000000709900000, 0x0000000709a00000|  0%| F|  |TAMS 0x0000000709900000, 0x0000000709900000| Untracked 
| 124|0x0000000709a00000, 0x0000000709a00000, 0x0000000709b00000|  0%| F|  |TAMS 0x0000000709a00000, 0x0000000709a00000| Untracked 
| 125|0x0000000709b00000, 0x0000000709b00000, 0x0000000709c00000|  0%| F|  |TAMS 0x0000000709b00000, 0x0000000709b00000| Untracked 
| 126|0x0000000709c00000, 0x0000000709c00000, 0x0000000709d00000|  0%| F|  |TAMS 0x0000000709c00000, 0x0000000709c00000| Untracked 
| 127|0x0000000709d00000, 0x0000000709d00000, 0x0000000709e00000|  0%| F|  |TAMS 0x0000000709d00000, 0x0000000709d00000| Untracked 
| 128|0x0000000709e00000, 0x0000000709e00000, 0x0000000709f00000|  0%| F|  |TAMS 0x0000000709e00000, 0x0000000709e00000| Untracked 
| 129|0x0000000709f00000, 0x0000000709f00000, 0x000000070a000000|  0%| F|  |TAMS 0x0000000709f00000, 0x0000000709f00000| Untracked 
| 130|0x000000070a000000, 0x000000070a000000, 0x000000070a100000|  0%| F|  |TAMS 0x000000070a000000, 0x000000070a000000| Untracked 
| 131|0x000000070a100000, 0x000000070a100000, 0x000000070a200000|  0%| F|  |TAMS 0x000000070a100000, 0x000000070a100000| Untracked 
| 132|0x000000070a200000, 0x000000070a200000, 0x000000070a300000|  0%| F|  |TAMS 0x000000070a200000, 0x000000070a200000| Untracked 
| 133|0x000000070a300000, 0x000000070a300000, 0x000000070a400000|  0%| F|  |TAMS 0x000000070a300000, 0x000000070a300000| Untracked 
| 134|0x000000070a400000, 0x000000070a400000, 0x000000070a500000|  0%| F|  |TAMS 0x000000070a400000, 0x000000070a400000| Untracked 
| 135|0x000000070a500000, 0x000000070a500000, 0x000000070a600000|  0%| F|  |TAMS 0x000000070a500000, 0x000000070a500000| Untracked 
| 136|0x000000070a600000, 0x000000070a600000, 0x000000070a700000|  0%| F|  |TAMS 0x000000070a600000, 0x000000070a600000| Untracked 
| 137|0x000000070a700000, 0x000000070a700000, 0x000000070a800000|  0%| F|  |TAMS 0x000000070a700000, 0x000000070a700000| Untracked 
| 138|0x000000070a800000, 0x000000070a800000, 0x000000070a900000|  0%| F|  |TAMS 0x000000070a800000, 0x000000070a800000| Untracked 
| 139|0x000000070a900000, 0x000000070a900000, 0x000000070aa00000|  0%| F|  |TAMS 0x000000070a900000, 0x000000070a900000| Untracked 
| 140|0x000000070aa00000, 0x000000070aa00000, 0x000000070ab00000|  0%| F|  |TAMS 0x000000070aa00000, 0x000000070aa00000| Untracked 
| 141|0x000000070ab00000, 0x000000070ab00000, 0x000000070ac00000|  0%| F|  |TAMS 0x000000070ab00000, 0x000000070ab00000| Untracked 
| 142|0x000000070ac00000, 0x000000070ac00000, 0x000000070ad00000|  0%| F|  |TAMS 0x000000070ac00000, 0x000000070ac00000| Untracked 
| 143|0x000000070ad00000, 0x000000070ad00000, 0x000000070ae00000|  0%| F|  |TAMS 0x000000070ad00000, 0x000000070ad00000| Untracked 
| 144|0x000000070ae00000, 0x000000070ae00000, 0x000000070af00000|  0%| F|  |TAMS 0x000000070ae00000, 0x000000070ae00000| Untracked 
| 145|0x000000070af00000, 0x000000070af00000, 0x000000070b000000|  0%| F|  |TAMS 0x000000070af00000, 0x000000070af00000| Untracked 
| 146|0x000000070b000000, 0x000000070b000000, 0x000000070b100000|  0%| F|  |TAMS 0x000000070b000000, 0x000000070b000000| Untracked 
| 147|0x000000070b100000, 0x000000070b100000, 0x000000070b200000|  0%| F|  |TAMS 0x000000070b100000, 0x000000070b100000| Untracked 
| 148|0x000000070b200000, 0x000000070b200000, 0x000000070b300000|  0%| F|  |TAMS 0x000000070b200000, 0x000000070b200000| Untracked 
| 149|0x000000070b300000, 0x000000070b300000, 0x000000070b400000|  0%| F|  |TAMS 0x000000070b300000, 0x000000070b300000| Untracked 
| 150|0x000000070b400000, 0x000000070b400000, 0x000000070b500000|  0%| F|  |TAMS 0x000000070b400000, 0x000000070b400000| Untracked 
| 151|0x000000070b500000, 0x000000070b500000, 0x000000070b600000|  0%| F|  |TAMS 0x000000070b500000, 0x000000070b500000| Untracked 
| 152|0x000000070b600000, 0x000000070b600000, 0x000000070b700000|  0%| F|  |TAMS 0x000000070b600000, 0x000000070b600000| Untracked 
| 153|0x000000070b700000, 0x000000070b700000, 0x000000070b800000|  0%| F|  |TAMS 0x000000070b700000, 0x000000070b700000| Untracked 
| 154|0x000000070b800000, 0x000000070b800000, 0x000000070b900000|  0%| F|  |TAMS 0x000000070b800000, 0x000000070b800000| Untracked 
| 155|0x000000070b900000, 0x000000070b900000, 0x000000070ba00000|  0%| F|  |TAMS 0x000000070b900000, 0x000000070b900000| Untracked 
| 156|0x000000070ba00000, 0x000000070ba00000, 0x000000070bb00000|  0%| F|  |TAMS 0x000000070ba00000, 0x000000070ba00000| Untracked 
| 157|0x000000070bb00000, 0x000000070bb00000, 0x000000070bc00000|  0%| F|  |TAMS 0x000000070bb00000, 0x000000070bb00000| Untracked 
| 158|0x000000070bc00000, 0x000000070bc00000, 0x000000070bd00000|  0%| F|  |TAMS 0x000000070bc00000, 0x000000070bc00000| Untracked 
| 159|0x000000070bd00000, 0x000000070bd00000, 0x000000070be00000|  0%| F|  |TAMS 0x000000070bd00000, 0x000000070bd00000| Untracked 
| 160|0x000000070be00000, 0x000000070be00000, 0x000000070bf00000|  0%| F|  |TAMS 0x000000070be00000, 0x000000070be00000| Untracked 
| 161|0x000000070bf00000, 0x000000070bf00000, 0x000000070c000000|  0%| F|  |TAMS 0x000000070bf00000, 0x000000070bf00000| Untracked 
| 162|0x000000070c000000, 0x000000070c000000, 0x000000070c100000|  0%| F|  |TAMS 0x000000070c000000, 0x000000070c000000| Untracked 
| 163|0x000000070c100000, 0x000000070c100000, 0x000000070c200000|  0%| F|  |TAMS 0x000000070c100000, 0x000000070c100000| Untracked 
| 164|0x000000070c200000, 0x000000070c200000, 0x000000070c300000|  0%| F|  |TAMS 0x000000070c200000, 0x000000070c200000| Untracked 
| 165|0x000000070c300000, 0x000000070c300000, 0x000000070c400000|  0%| F|  |TAMS 0x000000070c300000, 0x000000070c300000| Untracked 
| 166|0x000000070c400000, 0x000000070c400000, 0x000000070c500000|  0%| F|  |TAMS 0x000000070c400000, 0x000000070c400000| Untracked 
| 167|0x000000070c500000, 0x000000070c500000, 0x000000070c600000|  0%| F|  |TAMS 0x000000070c500000, 0x000000070c500000| Untracked 
| 168|0x000000070c600000, 0x000000070c600000, 0x000000070c700000|  0%| F|  |TAMS 0x000000070c600000, 0x000000070c600000| Untracked 
| 169|0x000000070c700000, 0x000000070c700000, 0x000000070c800000|  0%| F|  |TAMS 0x000000070c700000, 0x000000070c700000| Untracked 
| 170|0x000000070c800000, 0x000000070c800000, 0x000000070c900000|  0%| F|  |TAMS 0x000000070c800000, 0x000000070c800000| Untracked 
| 171|0x000000070c900000, 0x000000070c900000, 0x000000070ca00000|  0%| F|  |TAMS 0x000000070c900000, 0x000000070c900000| Untracked 
| 172|0x000000070ca00000, 0x000000070ca00000, 0x000000070cb00000|  0%| F|  |TAMS 0x000000070ca00000, 0x000000070ca00000| Untracked 
| 173|0x000000070cb00000, 0x000000070cb00000, 0x000000070cc00000|  0%| F|  |TAMS 0x000000070cb00000, 0x000000070cb00000| Untracked 
| 174|0x000000070cc00000, 0x000000070cc00000, 0x000000070cd00000|  0%| F|  |TAMS 0x000000070cc00000, 0x000000070cc00000| Untracked 
| 175|0x000000070cd00000, 0x000000070cd00000, 0x000000070ce00000|  0%| F|  |TAMS 0x000000070cd00000, 0x000000070cd00000| Untracked 
| 176|0x000000070ce00000, 0x000000070ce00000, 0x000000070cf00000|  0%| F|  |TAMS 0x000000070ce00000, 0x000000070ce00000| Untracked 
| 177|0x000000070cf00000, 0x000000070cf00000, 0x000000070d000000|  0%| F|  |TAMS 0x000000070cf00000, 0x000000070cf00000| Untracked 
| 178|0x000000070d000000, 0x000000070d000000, 0x000000070d100000|  0%| F|  |TAMS 0x000000070d000000, 0x000000070d000000| Untracked 
| 179|0x000000070d100000, 0x000000070d100000, 0x000000070d200000|  0%| F|  |TAMS 0x000000070d100000, 0x000000070d100000| Untracked 
| 180|0x000000070d200000, 0x000000070d200000, 0x000000070d300000|  0%| F|  |TAMS 0x000000070d200000, 0x000000070d200000| Untracked 
| 181|0x000000070d300000, 0x000000070d300000, 0x000000070d400000|  0%| F|  |TAMS 0x000000070d300000, 0x000000070d300000| Untracked 
| 182|0x000000070d400000, 0x000000070d400000, 0x000000070d500000|  0%| F|  |TAMS 0x000000070d400000, 0x000000070d400000| Untracked 
| 183|0x000000070d500000, 0x000000070d500000, 0x000000070d600000|  0%| F|  |TAMS 0x000000070d500000, 0x000000070d500000| Untracked 
| 184|0x000000070d600000, 0x000000070d600000, 0x000000070d700000|  0%| F|  |TAMS 0x000000070d600000, 0x000000070d600000| Untracked 
| 185|0x000000070d700000, 0x000000070d700000, 0x000000070d800000|  0%| F|  |TAMS 0x000000070d700000, 0x000000070d700000| Untracked 
| 186|0x000000070d800000, 0x000000070d800000, 0x000000070d900000|  0%| F|  |TAMS 0x000000070d800000, 0x000000070d800000| Untracked 
| 187|0x000000070d900000, 0x000000070d900000, 0x000000070da00000|  0%| F|  |TAMS 0x000000070d900000, 0x000000070d900000| Untracked 
| 188|0x000000070da00000, 0x000000070da00000, 0x000000070db00000|  0%| F|  |TAMS 0x000000070da00000, 0x000000070da00000| Untracked 
| 189|0x000000070db00000, 0x000000070db00000, 0x000000070dc00000|  0%| F|  |TAMS 0x000000070db00000, 0x000000070db00000| Untracked 
| 190|0x000000070dc00000, 0x000000070dc00000, 0x000000070dd00000|  0%| F|  |TAMS 0x000000070dc00000, 0x000000070dc00000| Untracked 
| 191|0x000000070dd00000, 0x000000070dd00000, 0x000000070de00000|  0%| F|  |TAMS 0x000000070dd00000, 0x000000070dd00000| Untracked 
| 192|0x000000070de00000, 0x000000070de00000, 0x000000070df00000|  0%| F|  |TAMS 0x000000070de00000, 0x000000070de00000| Untracked 
| 193|0x000000070df00000, 0x000000070df00000, 0x000000070e000000|  0%| F|  |TAMS 0x000000070df00000, 0x000000070df00000| Untracked 
| 194|0x000000070e000000, 0x000000070e000000, 0x000000070e100000|  0%| F|  |TAMS 0x000000070e000000, 0x000000070e000000| Untracked 
| 195|0x000000070e100000, 0x000000070e100000, 0x000000070e200000|  0%| F|  |TAMS 0x000000070e100000, 0x000000070e100000| Untracked 
| 196|0x000000070e200000, 0x000000070e200000, 0x000000070e300000|  0%| F|  |TAMS 0x000000070e200000, 0x000000070e200000| Untracked 
| 197|0x000000070e300000, 0x000000070e300000, 0x000000070e400000|  0%| F|  |TAMS 0x000000070e300000, 0x000000070e300000| Untracked 
| 198|0x000000070e400000, 0x000000070e400000, 0x000000070e500000|  0%| F|  |TAMS 0x000000070e400000, 0x000000070e400000| Untracked 
| 199|0x000000070e500000, 0x000000070e500000, 0x000000070e600000|  0%| F|  |TAMS 0x000000070e500000, 0x000000070e500000| Untracked 
| 200|0x000000070e600000, 0x000000070e600000, 0x000000070e700000|  0%| F|  |TAMS 0x000000070e600000, 0x000000070e600000| Untracked 
| 201|0x000000070e700000, 0x000000070e700000, 0x000000070e800000|  0%| F|  |TAMS 0x000000070e700000, 0x000000070e700000| Untracked 
| 202|0x000000070e800000, 0x000000070e800000, 0x000000070e900000|  0%| F|  |TAMS 0x000000070e800000, 0x000000070e800000| Untracked 
| 203|0x000000070e900000, 0x000000070e900000, 0x000000070ea00000|  0%| F|  |TAMS 0x000000070e900000, 0x000000070e900000| Untracked 
| 204|0x000000070ea00000, 0x000000070ea00000, 0x000000070eb00000|  0%| F|  |TAMS 0x000000070ea00000, 0x000000070ea00000| Untracked 
| 205|0x000000070eb00000, 0x000000070eb00000, 0x000000070ec00000|  0%| F|  |TAMS 0x000000070eb00000, 0x000000070eb00000| Untracked 
| 206|0x000000070ec00000, 0x000000070ec00000, 0x000000070ed00000|  0%| F|  |TAMS 0x000000070ec00000, 0x000000070ec00000| Untracked 
| 207|0x000000070ed00000, 0x000000070ed00000, 0x000000070ee00000|  0%| F|  |TAMS 0x000000070ed00000, 0x000000070ed00000| Untracked 
| 208|0x000000070ee00000, 0x000000070ee00000, 0x000000070ef00000|  0%| F|  |TAMS 0x000000070ee00000, 0x000000070ee00000| Untracked 
| 209|0x000000070ef00000, 0x000000070ef00000, 0x000000070f000000|  0%| F|  |TAMS 0x000000070ef00000, 0x000000070ef00000| Untracked 
| 210|0x000000070f000000, 0x000000070f000000, 0x000000070f100000|  0%| F|  |TAMS 0x000000070f000000, 0x000000070f000000| Untracked 
| 211|0x000000070f100000, 0x000000070f100000, 0x000000070f200000|  0%| F|  |TAMS 0x000000070f100000, 0x000000070f100000| Untracked 
| 212|0x000000070f200000, 0x000000070f200000, 0x000000070f300000|  0%| F|  |TAMS 0x000000070f200000, 0x000000070f200000| Untracked 
| 213|0x000000070f300000, 0x000000070f300000, 0x000000070f400000|  0%| F|  |TAMS 0x000000070f300000, 0x000000070f300000| Untracked 
| 214|0x000000070f400000, 0x000000070f400000, 0x000000070f500000|  0%| F|  |TAMS 0x000000070f400000, 0x000000070f400000| Untracked 
| 215|0x000000070f500000, 0x000000070f500000, 0x000000070f600000|  0%| F|  |TAMS 0x000000070f500000, 0x000000070f500000| Untracked 
| 216|0x000000070f600000, 0x000000070f600000, 0x000000070f700000|  0%| F|  |TAMS 0x000000070f600000, 0x000000070f600000| Untracked 
| 217|0x000000070f700000, 0x000000070f700000, 0x000000070f800000|  0%| F|  |TAMS 0x000000070f700000, 0x000000070f700000| Untracked 
| 218|0x000000070f800000, 0x000000070f800000, 0x000000070f900000|  0%| F|  |TAMS 0x000000070f800000, 0x000000070f800000| Untracked 
| 219|0x000000070f900000, 0x000000070f900000, 0x000000070fa00000|  0%| F|  |TAMS 0x000000070f900000, 0x000000070f900000| Untracked 
| 220|0x000000070fa00000, 0x000000070fa00000, 0x000000070fb00000|  0%| F|  |TAMS 0x000000070fa00000, 0x000000070fa00000| Untracked 
| 221|0x000000070fb00000, 0x000000070fb00000, 0x000000070fc00000|  0%| F|  |TAMS 0x000000070fb00000, 0x000000070fb00000| Untracked 
| 222|0x000000070fc00000, 0x000000070fc00000, 0x000000070fd00000|  0%| F|  |TAMS 0x000000070fc00000, 0x000000070fc00000| Untracked 
| 223|0x000000070fd00000, 0x000000070fd00000, 0x000000070fe00000|  0%| F|  |TAMS 0x000000070fd00000, 0x000000070fd00000| Untracked 
| 224|0x000000070fe00000, 0x000000070fe00000, 0x000000070ff00000|  0%| F|  |TAMS 0x000000070fe00000, 0x000000070fe00000| Untracked 
| 225|0x000000070ff00000, 0x000000070ff00000, 0x0000000710000000|  0%| F|  |TAMS 0x000000070ff00000, 0x000000070ff00000| Untracked 
| 226|0x0000000710000000, 0x0000000710000000, 0x0000000710100000|  0%| F|  |TAMS 0x0000000710000000, 0x0000000710000000| Untracked 
| 227|0x0000000710100000, 0x0000000710100000, 0x0000000710200000|  0%| F|  |TAMS 0x0000000710100000, 0x0000000710100000| Untracked 
| 228|0x0000000710200000, 0x0000000710200000, 0x0000000710300000|  0%| F|  |TAMS 0x0000000710200000, 0x0000000710200000| Untracked 
| 229|0x0000000710300000, 0x0000000710300000, 0x0000000710400000|  0%| F|  |TAMS 0x0000000710300000, 0x0000000710300000| Untracked 
| 230|0x0000000710400000, 0x0000000710400000, 0x0000000710500000|  0%| F|  |TAMS 0x0000000710400000, 0x0000000710400000| Untracked 
| 231|0x0000000710500000, 0x0000000710500000, 0x0000000710600000|  0%| F|  |TAMS 0x0000000710500000, 0x0000000710500000| Untracked 
| 232|0x0000000710600000, 0x0000000710600000, 0x0000000710700000|  0%| F|  |TAMS 0x0000000710600000, 0x0000000710600000| Untracked 
| 233|0x0000000710700000, 0x0000000710700000, 0x0000000710800000|  0%| F|  |TAMS 0x0000000710700000, 0x0000000710700000| Untracked 
| 234|0x0000000710800000, 0x0000000710800000, 0x0000000710900000|  0%| F|  |TAMS 0x0000000710800000, 0x0000000710800000| Untracked 
| 235|0x0000000710900000, 0x0000000710900000, 0x0000000710a00000|  0%| F|  |TAMS 0x0000000710900000, 0x0000000710900000| Untracked 
| 236|0x0000000710a00000, 0x0000000710a00000, 0x0000000710b00000|  0%| F|  |TAMS 0x0000000710a00000, 0x0000000710a00000| Untracked 
| 237|0x0000000710b00000, 0x0000000710b00000, 0x0000000710c00000|  0%| F|  |TAMS 0x0000000710b00000, 0x0000000710b00000| Untracked 
| 238|0x0000000710c00000, 0x0000000710c00000, 0x0000000710d00000|  0%| F|  |TAMS 0x0000000710c00000, 0x0000000710c00000| Untracked 
| 239|0x0000000710d00000, 0x0000000710d00000, 0x0000000710e00000|  0%| F|  |TAMS 0x0000000710d00000, 0x0000000710d00000| Untracked 
| 240|0x0000000710e00000, 0x0000000710e00000, 0x0000000710f00000|  0%| F|  |TAMS 0x0000000710e00000, 0x0000000710e00000| Untracked 
| 241|0x0000000710f00000, 0x0000000710f00000, 0x0000000711000000|  0%| F|  |TAMS 0x0000000710f00000, 0x0000000710f00000| Untracked 
| 242|0x0000000711000000, 0x0000000711000000, 0x0000000711100000|  0%| F|  |TAMS 0x0000000711000000, 0x0000000711000000| Untracked 
| 243|0x0000000711100000, 0x0000000711100000, 0x0000000711200000|  0%| F|  |TAMS 0x0000000711100000, 0x0000000711100000| Untracked 
| 244|0x0000000711200000, 0x0000000711200000, 0x0000000711300000|  0%| F|  |TAMS 0x0000000711200000, 0x0000000711200000| Untracked 
| 245|0x0000000711300000, 0x00000007113ec478, 0x0000000711400000| 92%| E|  |TAMS 0x0000000711300000, 0x0000000711300000| Complete 
| 246|0x0000000711400000, 0x0000000711500000, 0x0000000711500000|100%| E|CS|TAMS 0x0000000711400000, 0x0000000711400000| Complete 
| 247|0x0000000711500000, 0x0000000711600000, 0x0000000711600000|100%| E|CS|TAMS 0x0000000711500000, 0x0000000711500000| Complete 
| 248|0x0000000711600000, 0x0000000711700000, 0x0000000711700000|100%| E|CS|TAMS 0x0000000711600000, 0x0000000711600000| Complete 
| 249|0x0000000711700000, 0x0000000711800000, 0x0000000711800000|100%| E|CS|TAMS 0x0000000711700000, 0x0000000711700000| Complete 
| 250|0x0000000711800000, 0x0000000711900000, 0x0000000711900000|100%| E|CS|TAMS 0x0000000711800000, 0x0000000711800000| Complete 
| 251|0x0000000711900000, 0x0000000711a00000, 0x0000000711a00000|100%| E|CS|TAMS 0x0000000711900000, 0x0000000711900000| Complete 
| 252|0x0000000711a00000, 0x0000000711b00000, 0x0000000711b00000|100%| E|CS|TAMS 0x0000000711a00000, 0x0000000711a00000| Complete 
| 253|0x0000000711b00000, 0x0000000711c00000, 0x0000000711c00000|100%| E|CS|TAMS 0x0000000711b00000, 0x0000000711b00000| Complete 
| 254|0x0000000711c00000, 0x0000000711d00000, 0x0000000711d00000|100%| E|CS|TAMS 0x0000000711c00000, 0x0000000711c00000| Complete 
| 255|0x0000000711d00000, 0x0000000711e00000, 0x0000000711e00000|100%| E|CS|TAMS 0x0000000711d00000, 0x0000000711d00000| Complete 

Card table byte_map: [0x000002166d890000,0x000002166e090000] _byte_map_base: 0x000002166a081000

Marking Bits (Prev, Next): (CMBitMap*) 0x0000021655627918, (CMBitMap*) 0x0000021655627958
 Prev Bits: [0x000002166e890000, 0x0000021672818000)
 Next Bits: [0x0000021672820000, 0x00000216767a8000)

Polling page: 0x0000021653580000

Metaspace:

Usage:
  Non-class:      5.02 MB capacity,     2.73 MB ( 54%) used,     2.27 MB ( 45%) free+waste,    16.19 KB ( <1%) overhead. 
      Class:    640.00 KB capacity,   335.08 KB ( 52%) used,   295.17 KB ( 46%) free+waste,     9.75 KB (  2%) overhead. 
       Both:      5.64 MB capacity,     3.06 MB ( 54%) used,     2.56 MB ( 45%) free+waste,    25.94 KB ( <1%) overhead. 

Virtual space:
  Non-class space:        8.00 MB reserved,       5.25 MB ( 66%) committed 
      Class space:        1.00 GB reserved,     640.00 KB ( <1%) committed 
             Both:        1.01 GB reserved,       5.88 MB ( <1%) committed 

Chunk freelists:
   Non-Class:  0 bytes
       Class:  0 bytes
        Both:  0 bytes

MaxMetaspaceSize: 17179869184.00 GB
CompressedClassSpaceSize: 1.00 GB

CodeHeap 'non-profiled nmethods': size=120000Kb used=334Kb max_used=334Kb free=119665Kb
 bounds [0x0000021665830000, 0x0000021665aa0000, 0x000002166cd60000]
CodeHeap 'profiled nmethods': size=120000Kb used=1443Kb max_used=1443Kb free=118556Kb
 bounds [0x000002165e300000, 0x000002165e570000, 0x0000021665830000]
CodeHeap 'non-nmethods': size=5760Kb used=1156Kb max_used=1188Kb free=4603Kb
 bounds [0x000002165dd60000, 0x000002165dfd0000, 0x000002165e300000]
 total_blobs=1299 nmethods=890 adapters=322
 compilation: enabled
              stopped_count=0, restarted_count=0
 full_count=0

Compilation events (20 events):
Event: 0.600 Thread 0x0000021679c35000 nmethod 860 0x000002165e45a490 code [0x000002165e45a640, 0x000002165e45a7e8]
Event: 0.600 Thread 0x0000021679c35000  861       3       sun.nio.cs.StreamEncoder::writeBytes (132 bytes)
Event: 0.601 Thread 0x0000021679c35000 nmethod 861 0x000002165e45a890 code [0x000002165e45aae0, 0x000002165e45b4b8]
Event: 0.601 Thread 0x0000021679c35000  862   !   3       java.io.PrintStream::write (69 bytes)
Event: 0.601 Thread 0x0000021679c35000 nmethod 862 0x000002165e45b810 code [0x000002165e45ba20, 0x000002165e45c1f8]
Event: 0.601 Thread 0x0000021679c35000  863  s    3       java.io.BufferedOutputStream::write (67 bytes)
Event: 0.602 Thread 0x0000021679c35000 nmethod 863 0x000002165e45c590 code [0x000002165e45c780, 0x000002165e45cff8]
Event: 0.607 Thread 0x0000021679002800 nmethod 864 0x0000021665880d90 code [0x0000021665881000, 0x0000021665881718]
Event: 0.607 Thread 0x0000021679002800  865       4       java.lang.ThreadLocal::getMap (5 bytes)
Event: 0.608 Thread 0x0000021679002800 nmethod 865 0x0000021665881b90 code [0x0000021665881d20, 0x0000021665881db8]
Event: 0.610 Thread 0x0000021679002800  866       4       org.sqlite.core.CoreResultSet::checkCol (81 bytes)
Event: 0.610 Thread 0x0000021679002800 nmethod 866 0x0000021665881e90 code [0x0000021665882020, 0x0000021665882118]
Event: 0.611 Thread 0x0000021679002800  867       4       java.lang.String::checkBoundsOffCount (64 bytes)
Event: 0.611 Thread 0x0000021679002800 nmethod 867 0x0000021665882210 code [0x00000216658823c0, 0x00000216658824b8]
Event: 0.611 Thread 0x0000021679002800  868       4       java.lang.StringConcatHelper::prepend (37 bytes)
Event: 0.612 Thread 0x0000021679c35000  870       3       java.util.HashMap$EntryIterator::next (5 bytes)
Event: 0.613 Thread 0x0000021679c35000 nmethod 870 0x000002165e45d210 code [0x000002165e45d3c0, 0x000002165e45d568]
Event: 0.613 Thread 0x0000021679c35000  871       3       java.util.HashMap$EntryIterator::next (5 bytes)
Event: 0.613 Thread 0x0000021679c35000 nmethod 871 0x000002165e45d610 code [0x000002165e45d7c0, 0x000002165e45d908]
Event: 0.613 Thread 0x0000021679002800 nmethod 868 0x0000021665882590 code [0x0000021665882760, 0x0000021665882978]

GC Heap History (0 events):
No events

Deoptimization events (20 events):
Event: 0.415 Thread 0x0000021679ebc000 DEOPT PACKING pc=0x000002165e3ef7d6 sp=0x000000348fdfee70
Event: 0.415 Thread 0x0000021679ebc000 DEOPT UNPACKING pc=0x000002165dda964e sp=0x000000348fdfe378 mode 0
Event: 0.416 Thread 0x0000021679ebc000 DEOPT PACKING pc=0x000002165e3ef7d6 sp=0x000000348fdfee70
Event: 0.416 Thread 0x0000021679ebc000 DEOPT UNPACKING pc=0x000002165dda964e sp=0x000000348fdfe378 mode 0
Event: 0.416 Thread 0x0000021679ebc000 DEOPT PACKING pc=0x000002165e3ef7d6 sp=0x000000348fdfee70
Event: 0.416 Thread 0x0000021679ebc000 DEOPT UNPACKING pc=0x000002165dda964e sp=0x000000348fdfe378 mode 0
Event: 0.417 Thread 0x0000021679ebc000 DEOPT PACKING pc=0x000002165e3ef7d6 sp=0x000000348fdfee70
Event: 0.417 Thread 0x0000021679ebc000 DEOPT UNPACKING pc=0x000002165dda964e sp=0x000000348fdfe378 mode 0
Event: 0.417 Thread 0x0000021679ebc000 DEOPT PACKING pc=0x000002165e3ef7d6 sp=0x000000348fdfee70
Event: 0.417 Thread 0x0000021679ebc000 DEOPT UNPACKING pc=0x000002165dda964e sp=0x000000348fdfe378 mode 0
Event: 0.417 Thread 0x0000021679ebc000 DEOPT PACKING pc=0x000002165e3ef7d6 sp=0x000000348fdfee70
Event: 0.417 Thread 0x0000021679ebc000 DEOPT UNPACKING pc=0x000002165dda964e sp=0x000000348fdfe378 mode 0
Event: 0.426 Thread 0x0000021679ebc000 Uncommon trap: trap_request=0xffffff45 fr.pc=0x0000021665872fe0 relative=0x00000000000007c0
Event: 0.426 Thread 0x0000021679ebc000 Uncommon trap: reason=unstable_if action=reinterpret pc=0x0000021665872fe0 method=org.sqlite.SQLiteJDBCLoader.contentsEquals(Ljava/io/InputStream;Ljava/io/InputStream;)Z @ 39 c2
Event: 0.426 Thread 0x0000021679ebc000 DEOPT PACKING pc=0x0000021665872fe0 sp=0x000000348fdfeea0
Event: 0.426 Thread 0x0000021679ebc000 DEOPT UNPACKING pc=0x000002165dda912f sp=0x000000348fdfee78 mode 2
Event: 0.613 Thread 0x0000021679ebd000 Uncommon trap: trap_request=0xffffff45 fr.pc=0x000002166586881c relative=0x000000000000041c
Event: 0.613 Thread 0x0000021679ebd000 Uncommon trap: reason=unstable_if action=reinterpret pc=0x000002166586881c method=java.lang.StringLatin1.canEncode(I)Z @ 4 c2
Event: 0.613 Thread 0x0000021679ebd000 DEOPT PACKING pc=0x000002166586881c sp=0x000000348fefe4d0
Event: 0.613 Thread 0x0000021679ebd000 DEOPT UNPACKING pc=0x000002165dda912f sp=0x000000348fefe3f8 mode 2

Classes unloaded (0 events):
No events

Classes redefined (0 events):
No events

Internal exceptions (3 events):
Event: 0.258 Thread 0x0000021679ebc000 Exception <a 'java/lang/NoSuchMethodError'{0x0000000711716ad0}: 'int java.lang.invoke.DirectMethodHandle$Holder.invokeSpecialIFC(java.lang.Object, java.lang.Object, int)'> (0x0000000711716ad0) 
thrown [./open/src/hotspot/share/interpreter/linkResolver.cpp, line 766]
Event: 0.309 Thread 0x0000021679ebc000 Exception <a 'java/lang/NoSuchMethodError'{0x00000007115786c0}: 'java.lang.Object java.lang.invoke.DirectMethodHandle$Holder.invokeStaticInit(java.lang.Object, int, int, int, int)'> (0x00000007115786c0) 
thrown [./open/src/hotspot/share/interpreter/linkResolver.cpp, line 766]
Event: 0.375 Thread 0x0000021679ebc000 Exception <a 'java/lang/NoSuchMethodError'{0x00000007115d19d0}: 'java.lang.Object java.lang.invoke.DirectMethodHandle$Holder.invokeStaticInit(java.lang.Object, java.lang.Object, int, int, int, int)'> (0x00000007115d19d0) 
thrown [./open/src/hotspot/share/interpreter/linkResolver.cpp, line 766]

Events (20 events):
Event: 0.557 Executing VM operation: HandshakeOneThread
Event: 0.557 Executing VM operation: HandshakeOneThread done
Event: 0.557 Executing VM operation: HandshakeOneThread
Event: 0.557 Executing VM operation: HandshakeOneThread done
Event: 0.557 Executing VM operation: HandshakeOneThread
Event: 0.557 Executing VM operation: HandshakeOneThread done
Event: 0.557 Executing VM operation: HandshakeOneThread
Event: 0.557 Executing VM operation: HandshakeOneThread done
Event: 0.557 Executing VM operation: HandshakeOneThread
Event: 0.557 Executing VM operation: HandshakeOneThread done
Event: 0.557 Executing VM operation: HandshakeOneThread
Event: 0.557 Executing VM operation: HandshakeOneThread done
Event: 0.557 Executing VM operation: HandshakeOneThread
Event: 0.557 Executing VM operation: HandshakeOneThread done
Event: 0.557 Executing VM operation: HandshakeOneThread
Event: 0.557 Executing VM operation: HandshakeOneThread done
Event: 0.557 Executing VM operation: HandshakeOneThread
Event: 0.558 Executing VM operation: HandshakeOneThread done
Event: 0.612 Executing VM operation: HandshakeOneThread
Event: 0.612 Executing VM operation: HandshakeOneThread done


Dynamic libraries:
0x00007ff784d30000 - 0x00007ff784d3f000 	C:\Program Files\Java\jdk-14.0.2\bin\java.exe
0x00007ffeafd80000 - 0x00007ffeaff70000 	C:\WINDOWS\SYSTEM32\ntdll.dll
0x00007ffeaf4f0000 - 0x00007ffeaf5a2000 	C:\WINDOWS\System32\KERNEL32.DLL
0x00007ffead830000 - 0x00007ffeadad5000 	C:\WINDOWS\System32\KERNELBASE.dll
0x00007ffead670000 - 0x00007ffead76a000 	C:\WINDOWS\System32\ucrtbase.dll
0x00007ffe9a350000 - 0x00007ffe9a368000 	C:\Program Files\Java\jdk-14.0.2\bin\jli.dll
0x00007ffe9a330000 - 0x00007ffe9a345000 	C:\Program Files\Java\jdk-14.0.2\bin\VCRUNTIME140.dll
0x00007ffeafc90000 - 0x00007ffeafd33000 	C:\WINDOWS\System32\ADVAPI32.dll
0x00007ffeaede0000 - 0x00007ffeaee7e000 	C:\WINDOWS\System32\msvcrt.dll
0x00007ffeade30000 - 0x00007ffeadec7000 	C:\WINDOWS\System32\sechost.dll
0x00007ffeaf750000 - 0x00007ffeaf86f000 	C:\WINDOWS\System32\RPCRT4.dll
0x00007ffeaf320000 - 0x00007ffeaf4b4000 	C:\WINDOWS\System32\USER32.dll
0x00007ffeacd00000 - 0x00007ffeacd21000 	C:\WINDOWS\System32\win32u.dll
0x00007ffeaf4c0000 - 0x00007ffeaf4e6000 	C:\WINDOWS\System32\GDI32.dll
0x00007ffe9c870000 - 0x00007ffe9caf4000 	C:\WINDOWS\WinSxS\amd64_microsoft.windows.common-controls_6595b64144ccf1df_6.0.18362.1316_none_9e7a364fe461dbd7\COMCTL32.dll
0x00007ffeaefd0000 - 0x00007ffeaf307000 	C:\WINDOWS\System32\combase.dll
0x00007ffead4b0000 - 0x00007ffead648000 	C:\WINDOWS\System32\gdi32full.dll
0x00007ffead7a0000 - 0x00007ffead821000 	C:\WINDOWS\System32\bcryptPrimitives.dll
0x00007ffeadae0000 - 0x00007ffeadb7e000 	C:\WINDOWS\System32\msvcp_win.dll
0x00007ffea3140000 - 0x00007ffea314a000 	C:\WINDOWS\SYSTEM32\VERSION.dll
0x00007ffeae410000 - 0x00007ffeae43e000 	C:\WINDOWS\System32\IMM32.DLL
0x00007ffe8c120000 - 0x00007ffe8c1bb000 	C:\Program Files\Java\jdk-14.0.2\bin\msvcp140.dll
0x00007ffe82aa0000 - 0x00007ffe835be000 	C:\Program Files\Java\jdk-14.0.2\bin\server\jvm.dll
0x00007ffeaf310000 - 0x00007ffeaf318000 	C:\WINDOWS\System32\PSAPI.DLL
0x00007ffeab580000 - 0x00007ffeab5a4000 	C:\WINDOWS\SYSTEM32\WINMM.dll
0x00007ffea9280000 - 0x00007ffea9289000 	C:\WINDOWS\SYSTEM32\WSOCK32.dll
0x00007ffeaf9b0000 - 0x00007ffeafa1f000 	C:\WINDOWS\System32\WS2_32.dll
0x00007ffeab550000 - 0x00007ffeab57d000 	C:\WINDOWS\SYSTEM32\WINMMBASE.dll
0x00007ffeadcd0000 - 0x00007ffeadd1a000 	C:\WINDOWS\System32\cfgmgr32.dll
0x00007ffeacc40000 - 0x00007ffeacc51000 	C:\WINDOWS\System32\kernel.appcore.dll
0x00007ffea91d0000 - 0x00007ffea91da000 	C:\Program Files\Java\jdk-14.0.2\bin\jimage.dll
0x00007ffeab350000 - 0x00007ffeab544000 	C:\WINDOWS\SYSTEM32\DBGHELP.DLL
0x00007ffeab320000 - 0x00007ffeab34a000 	C:\WINDOWS\SYSTEM32\dbgcore.DLL
0x00007ffea8c30000 - 0x00007ffea8c3e000 	C:\Program Files\Java\jdk-14.0.2\bin\instrument.dll
0x00007ffe9a2e0000 - 0x00007ffe9a305000 	C:\Program Files\Java\jdk-14.0.2\bin\java.dll
0x00007ffe9a210000 - 0x00007ffe9a226000 	C:\Program Files\Java\jdk-14.0.2\bin\zip.dll
0x00007ffeae440000 - 0x00007ffeaeb28000 	C:\WINDOWS\System32\SHELL32.dll
0x00007ffeadef0000 - 0x00007ffeadf97000 	C:\WINDOWS\System32\shcore.dll
0x00007ffeacd30000 - 0x00007ffead4ab000 	C:\WINDOWS\System32\windows.storage.dll
0x00007ffeaccb0000 - 0x00007ffeaccd3000 	C:\WINDOWS\System32\profapi.dll
0x00007ffeacc60000 - 0x00007ffeaccaa000 	C:\WINDOWS\System32\powrprof.dll
0x00007ffeacc30000 - 0x00007ffeacc40000 	C:\WINDOWS\System32\UMPDC.dll
0x00007ffeaef60000 - 0x00007ffeaefb2000 	C:\WINDOWS\System32\shlwapi.dll
0x00007ffead650000 - 0x00007ffead667000 	C:\WINDOWS\System32\cryptsp.dll
0x00007ffe9a1f0000 - 0x00007ffe9a209000 	C:\Program Files\Java\jdk-14.0.2\bin\net.dll
0x00007ffea2010000 - 0x00007ffea2100000 	C:\WINDOWS\SYSTEM32\WINHTTP.dll
0x00007ffeac420000 - 0x00007ffeac487000 	C:\WINDOWS\system32\mswsock.dll
0x00007ffe9a040000 - 0x00007ffe9a052000 	C:\Program Files\Java\jdk-14.0.2\bin\nio.dll
0x00007ffe8c1e0000 - 0x00007ffe8c1fa000 	C:\Program Files\JetBrains\IntelliJ IDEA Educational Edition 2020.2\bin\breakgen64.dll
0x00007ffeabfb0000 - 0x00007ffeabfe3000 	C:\WINDOWS\system32\rsaenh.dll
0x00007ffead770000 - 0x00007ffead796000 	C:\WINDOWS\System32\bcrypt.dll
0x00007ffeacb50000 - 0x00007ffeacb75000 	C:\WINDOWS\SYSTEM32\USERENV.dll
0x00007ffeac5a0000 - 0x00007ffeac5ac000 	C:\WINDOWS\SYSTEM32\CRYPTBASE.dll
0x00007ffeac140000 - 0x00007ffeac17a000 	C:\WINDOWS\SYSTEM32\IPHLPAPI.DLL
0x00007ffeaefc0000 - 0x00007ffeaefc8000 	C:\WINDOWS\System32\NSI.dll
0x00007ffea3760000 - 0x00007ffea3776000 	C:\WINDOWS\SYSTEM32\dhcpcsvc6.DLL
0x00007ffea36c0000 - 0x00007ffea36dc000 	C:\WINDOWS\SYSTEM32\dhcpcsvc.DLL
0x00007ffeac180000 - 0x00007ffeac24b000 	C:\WINDOWS\SYSTEM32\DNSAPI.dll
0x0000000067740000 - 0x0000000067818000 	C:\Users\zdzic\AppData\Local\Temp\sqlite-3.34.0-46b802ed-c775-4b15-8206-0f59f3fbd215-sqlitejdbc.dll

dbghelp: loaded successfully - version: 4.0.5 - missing functions: none
symbol engine: initialized successfully - sym options: 0x614 - pdb path: .;C:\Program Files\Java\jdk-14.0.2\bin;C:\WINDOWS\SYSTEM32;C:\WINDOWS\WinSxS\amd64_microsoft.windows.common-controls_6595b64144ccf1df_6.0.18362.1316_none_9e7a364fe461dbd7;C:\Program Files\Java\jdk-14.0.2\bin\server;C:\Program Files\JetBrains\IntelliJ IDEA Educational Edition 2020.2\bin;C:\Users\zdzic\AppData\Local\Temp

VM Arguments:
jvm_args: -javaagent:C:\Program Files\JetBrains\IntelliJ IDEA Educational Edition 2020.2\lib\idea_rt.jar=62384:C:\Program Files\JetBrains\IntelliJ IDEA Educational Edition 2020.2\bin -Dfile.encoding=UTF-8 
java_command: Lab9.Main
java_class_path (initial): E:\Projekty JAVA intelij\Laboratorium 9_2\out\production\Laboratorium 9_2;D:\Program Files (x86)\sqlite-tools-win32-x86-3340000\sqlite-jdbc-3.34.0.jar;E:\Projekty JAVA intelij\Laboratorium 9_2\lib\sqlite-1.0.jar;E:\Projekty JAVA intelij\Laboratorium 9_2\lib\greendao-generator-1.3.0.jar;E:\Projekty JAVA intelij\Laboratorium 9_2\lib\freemarker-2.3.19.jar;E:\Projekty JAVA intelij\Laboratorium 9_2\lib\ormlite-android-4.48.jar;E:\Projekty JAVA intelij\Laboratorium 9_2\lib\ormlite-core-4.48.jar;E:\Projekty JAVA intelij\Laboratorium 9_2\lib\greendao-1.3.7.jar;D:\Program Files (x86)\Java mail\android-all-11-robolectric-6757853.jar
Launcher Type: SUN_STANDARD

[Global flags]
     intx CICompilerCount                          = 4                                         {product} {ergonomic}
     uint ConcGCThreads                            = 2                                         {product} {ergonomic}
     uint G1ConcRefinementThreads                  = 8                                         {product} {ergonomic}
   size_t G1HeapRegionSize                         = 1048576                                   {product} {ergonomic}
    uintx GCDrainStackTargetSize                   = 64                                        {product} {ergonomic}
   size_t InitialHeapSize                          = 268435456                                 {product} {ergonomic}
   size_t MarkStackSize                            = 4194304                                   {product} {ergonomic}
   size_t MaxHeapSize                              = 4263510016                                {product} {ergonomic}
   size_t MaxNewSize                               = 2557476864                                {product} {ergonomic}
   size_t MinHeapDeltaBytes                        = 1048576                                   {product} {ergonomic}
   size_t MinHeapSize                              = 8388608                                   {product} {ergonomic}
    uintx NonNMethodCodeHeapSize                   = 5839372                                {pd product} {ergonomic}
    uintx NonProfiledCodeHeapSize                  = 122909434                              {pd product} {ergonomic}
    uintx ProfiledCodeHeapSize                     = 122909434                              {pd product} {ergonomic}
    uintx ReservedCodeCacheSize                    = 251658240                              {pd product} {ergonomic}
     bool SegmentedCodeCache                       = true                                      {product} {ergonomic}
   size_t SoftMaxHeapSize                          = 4263510016                             {manageable} {ergonomic}
     bool UseCompressedClassPointers               = true                                 {lp64_product} {ergonomic}
     bool UseCompressedOops                        = true                                 {lp64_product} {ergonomic}
     bool UseG1GC                                  = true                                      {product} {ergonomic}
     bool UseLargePagesIndividualAllocation        = false                                  {pd product} {ergonomic}

Logging:
Log output configuration:
 #0: stdout all=warning uptime,level,tags
 #1: stderr all=off uptime,level,tags

Environment Variables:
PATH=C:\Program Files\Common Files\Oracle\Java\javapath;C:\Program Files (x86)\Common Files\Oracle\Java\javapath;C:\Windows\system32;C:\Windows;C:\Windows\System32\Wbem;C:\Windows\System32\WindowsPowerShell\v1.0\;C:\Windows\System32\OpenSSH\;C:\Program Files (x86)\NVIDIA Corporation\PhysX\Common;C:\Program Files\NVIDIA Corporation\NVIDIA NvDLISR;C:\WINDOWS\system32;C:\WINDOWS;C:\WINDOWS\System32\Wbem;C:\WINDOWS\System32\WindowsPowerShell\v1.0\;C:\WINDOWS\System32\OpenSSH\;C:\Program Files\Microsoft SQL Server\130\Tools\Binn\;C:\Program Files (x86)\Intel\Intel(R) Management Engine Components\DAL;C:\Program Files\Intel\Intel(R) Management Engine Components\DAL;e:\Aldec\Active-HDL-Student-Edition\bin;C:\Program Files\Common Files\Autodesk Shared\;C:\Program Files\Microsoft SQL Server\120\Tools\Binn\;D:\Program Files (x86)\Aldec\bin;C:\Users\zdzic\AppData\Local\Microsoft\WindowsApps;C:\Program Files\JetBrains\CLion 2019.3.4\bin;C:\Users\zdzic\AppData\Local\atom\bin;C:\Users\zdzic\AppData\Local\GitHubDesktop\bin;D:\Program Files (x86)\sqlite-tools-win32-x86-3340000;C:\Program Files\Java\jdk-15.0.1;
USERNAME=zdzich
OS=Windows_NT
PROCESSOR_IDENTIFIER=Intel64 Family 6 Model 142 Stepping 11, GenuineIntel



---------------  S Y S T E M  ---------------

OS: Windows 10 , 64 bit Build 18362 (10.0.18362.1316)
OS uptime: 0 days 22:01 hours
HyperV virtualization detected

CPU:total 8 (initial active 8) (4 cores per cpu, 2 threads per core) family 6 model 142 stepping 11, cmov, cx8, fxsr, mmx, sse, sse2, sse3, ssse3, sse4.1, sse4.2, popcnt, avx, avx2, aes, clmul, erms, 3dnowpref, lzcnt, ht, tsc, tscinvbit, bmi1, bmi2, adx, fma

Memory: 4k page, system-wide physical 16256M (8384M free)
TotalPageFile size 20954M (AvailPageFile size 10778M)
current process WorkingSet (physical memory assigned to process): 67M, peak: 67M
current process commit charge ("private bytes"): 363M, peak: 364M

vm_info: Java HotSpot(TM) 64-Bit Server VM (14.0.2+12-46) for windows-amd64 JRE (14.0.2+12-46), built on Jul  9 2020 00:35:52 by "mach5one" with MS VC++ 15.9 (VS2017)

END.
